Using pre-set license
Built from '2022.3/staging' branch; Version is '2022.3.8f1 (b5eafc012955) revision 11922172'; Using compiler version '192829333'; Build Type 'Release'
OS: 'Windows 11  (10.0.22631) 64bit Professional' Language: 'en' Physical Memory: 32160 MB
BatchMode: 1, IsHumanControllingUs: 0, StartBugReporterOnCrash: 0, Is64bit: 1, IsPro: 1

COMMAND LINE ARGUMENTS:
C:\Program Files\Unity\Hub\Editor\2022.3.8f1\Editor\Unity.exe
-adb2
-batchMode
-noUpm
-name
AssetImportWorker2
-projectPath
C:/Users/krank/Documents/DEV/NTI/2023-2024_Programmering/Till채mpad/Grupp1Shooter
-logFile
Logs/AssetImportWorker2.log
-srvPort
59105
Successfully changed project path to: C:/Users/krank/Documents/DEV/NTI/2023-2024_Programmering/Till채mpad/Grupp1Shooter
C:/Users/krank/Documents/DEV/NTI/2023-2024_Programmering/Till채mpad/Grupp1Shooter
[UnityMemory] Configuration Parameters - Can be set up in boot.config
    "memorysetup-bucket-allocator-granularity=16"
    "memorysetup-bucket-allocator-bucket-count=8"
    "memorysetup-bucket-allocator-block-size=33554432"
    "memorysetup-bucket-allocator-block-count=8"
    "memorysetup-main-allocator-block-size=16777216"
    "memorysetup-thread-allocator-block-size=16777216"
    "memorysetup-gfx-main-allocator-block-size=16777216"
    "memorysetup-gfx-thread-allocator-block-size=16777216"
    "memorysetup-cache-allocator-block-size=4194304"
    "memorysetup-typetree-allocator-block-size=2097152"
    "memorysetup-profiler-bucket-allocator-granularity=16"
    "memorysetup-profiler-bucket-allocator-bucket-count=8"
    "memorysetup-profiler-bucket-allocator-block-size=33554432"
    "memorysetup-profiler-bucket-allocator-block-count=8"
    "memorysetup-profiler-allocator-block-size=16777216"
    "memorysetup-profiler-editor-allocator-block-size=1048576"
    "memorysetup-temp-allocator-size-main=16777216"
    "memorysetup-job-temp-allocator-block-size=2097152"
    "memorysetup-job-temp-allocator-block-size-background=1048576"
    "memorysetup-job-temp-allocator-reduction-small-platforms=262144"
    "memorysetup-allocator-temp-initial-block-size-main=262144"
    "memorysetup-allocator-temp-initial-block-size-worker=262144"
    "memorysetup-temp-allocator-size-background-worker=32768"
    "memorysetup-temp-allocator-size-job-worker=262144"
    "memorysetup-temp-allocator-size-preload-manager=33554432"
    "memorysetup-temp-allocator-size-nav-mesh-worker=65536"
    "memorysetup-temp-allocator-size-audio-worker=65536"
    "memorysetup-temp-allocator-size-cloud-worker=32768"
    "memorysetup-temp-allocator-size-gi-baking-worker=262144"
    "memorysetup-temp-allocator-size-gfx=262144"
Player connection [26868] Host "[IP] 172.30.176.1 [Port] 0 [Flags] 2 [Guid] 843877126 [EditorId] 843877126 [Version] 1048832 [Id] WindowsEditor(7,Schrodinger) [Debug] 1 [PackageName] WindowsEditor [ProjectName] Editor" joined multi-casting on [225.0.0.222:54997]...

Player connection [26868] Host "[IP] 172.30.176.1 [Port] 0 [Flags] 2 [Guid] 843877126 [EditorId] 843877126 [Version] 1048832 [Id] WindowsEditor(7,Schrodinger) [Debug] 1 [PackageName] WindowsEditor [ProjectName] Editor" joined alternative multi-casting on [225.0.0.222:34997]...

[Physics::Module] Initialized MultithreadedJobDispatcher with 15 workers.
Refreshing native plugins compatible for Editor in 19.70 ms, found 2 plugins.
Preloading 0 native plugins for Editor in 0.00 ms.
Initialize engine version: 2022.3.8f1 (b5eafc012955)
[Subsystems] Discovering subsystems at path C:/Program Files/Unity/Hub/Editor/2022.3.8f1/Editor/Data/Resources/UnitySubsystems
[Subsystems] Discovering subsystems at path C:/Users/krank/Documents/DEV/NTI/2023-2024_Programmering/Till채mpad/Grupp1Shooter/Assets
GfxDevice: creating device client; threaded=0; jobified=0
Direct3D:
    Version:  Direct3D 11.0 [level 11.1]
    Renderer: NVIDIA GeForce RTX 3050 Ti Laptop GPU (ID=0x25a0)
    Vendor:   NVIDIA
    VRAM:     3976 MB
    Driver:   31.0.15.3713
Initialize mono
Mono path[0] = 'C:/Program Files/Unity/Hub/Editor/2022.3.8f1/Editor/Data/Managed'
Mono path[1] = 'C:/Program Files/Unity/Hub/Editor/2022.3.8f1/Editor/Data/MonoBleedingEdge/lib/mono/unityjit-win32'
Mono config path = 'C:/Program Files/Unity/Hub/Editor/2022.3.8f1/Editor/Data/MonoBleedingEdge/etc'
Using monoOptions --debugger-agent=transport=dt_socket,embedding=1,server=y,suspend=n,address=127.0.0.1:56348
Begin MonoManager ReloadAssembly
Registering precompiled unity dll's ...
Register platform support module: C:/Program Files/Unity/Hub/Editor/2022.3.8f1/Editor/Data/PlaybackEngines/WindowsStandaloneSupport/UnityEditor.WindowsStandalone.Extensions.dll
Registered in 0.009079 seconds.
- Loaded All Assemblies, in  0.531 seconds
Native extension for WindowsStandalone target not found
Mono: successfully reloaded assembly
- Finished resetting the current domain, in  0.406 seconds
Domain Reload Profiling: 934ms
	BeginReloadAssembly (167ms)
		ExecutionOrderSort (0ms)
		DisableScriptedObjects (0ms)
		BackupInstance (0ms)
		ReleaseScriptingObjects (0ms)
		CreateAndSetChildDomain (1ms)
	RebuildCommonClasses (56ms)
	RebuildNativeTypeToScriptingClass (14ms)
	initialDomainReloadingComplete (83ms)
	LoadAllAssembliesAndSetupDomain (207ms)
		LoadAssemblies (164ms)
		RebuildTransferFunctionScriptingTraits (0ms)
		AnalyzeDomain (204ms)
			TypeCache.Refresh (203ms)
				TypeCache.ScanAssembly (185ms)
			ScanForSourceGeneratedMonoScriptInfo (0ms)
			ResolveRequiredComponents (1ms)
	FinalizeReload (406ms)
		ReleaseScriptCaches (0ms)
		RebuildScriptCaches (0ms)
		SetupLoadedEditorAssemblies (313ms)
			LogAssemblyErrors (0ms)
			InitializePlatformSupportModulesInManaged (13ms)
			SetLoadedEditorAssemblies (13ms)
			RefreshPlugins (0ms)
			BeforeProcessingInitializeOnLoad (3ms)
			ProcessInitializeOnLoadAttributes (208ms)
			ProcessInitializeOnLoadMethodAttributes (77ms)
			AfterProcessingInitializeOnLoad (0ms)
			EditorAssembliesLoaded (0ms)
		ExecutionOrderSort2 (0ms)
		AwakeInstancesAfterBackupRestoration (0ms)
========================================================================
Worker process is ready to serve import requests
Begin MonoManager ReloadAssembly
Symbol file LoadedFromMemory is not a mono symbol file
- Loaded All Assemblies, in  1.018 seconds
Refreshing native plugins compatible for Editor in 19.79 ms, found 2 plugins.
Native extension for WindowsStandalone target not found
Package Manager log level set to [2]
[Package Manager] Server::EnsureServerProcessIsRunning -- launch failed, reason: Unity was launched with the -noUpm command-line argument
[Package Manager] UpmClient::Send -- Unable to send message (not connected to UPM process).
[Package Manager] Cannot connect to Unity Package Manager local server
Mono: successfully reloaded assembly
- Finished resetting the current domain, in  1.120 seconds
Domain Reload Profiling: 2129ms
	BeginReloadAssembly (237ms)
		ExecutionOrderSort (0ms)
		DisableScriptedObjects (11ms)
		BackupInstance (0ms)
		ReleaseScriptingObjects (0ms)
		CreateAndSetChildDomain (39ms)
	RebuildCommonClasses (52ms)
	RebuildNativeTypeToScriptingClass (19ms)
	initialDomainReloadingComplete (65ms)
	LoadAllAssembliesAndSetupDomain (635ms)
		LoadAssemblies (510ms)
		RebuildTransferFunctionScriptingTraits (0ms)
		AnalyzeDomain (260ms)
			TypeCache.Refresh (217ms)
				TypeCache.ScanAssembly (184ms)
			ScanForSourceGeneratedMonoScriptInfo (36ms)
			ResolveRequiredComponents (5ms)
	FinalizeReload (1121ms)
		ReleaseScriptCaches (0ms)
		RebuildScriptCaches (0ms)
		SetupLoadedEditorAssemblies (856ms)
			LogAssemblyErrors (0ms)
			InitializePlatformSupportModulesInManaged (12ms)
			SetLoadedEditorAssemblies (7ms)
			RefreshPlugins (0ms)
			BeforeProcessingInitializeOnLoad (114ms)
			ProcessInitializeOnLoadAttributes (503ms)
			ProcessInitializeOnLoadMethodAttributes (210ms)
			AfterProcessingInitializeOnLoad (9ms)
			EditorAssembliesLoaded (0ms)
		ExecutionOrderSort2 (0ms)
		AwakeInstancesAfterBackupRestoration (10ms)
Launched and connected shader compiler UnityShaderCompiler.exe after 0.13 seconds
Refreshing native plugins compatible for Editor in 19.35 ms, found 2 plugins.
Preloading 0 native plugins for Editor in 0.00 ms.
Unloading 2491 Unused Serialized files (Serialized files now loaded: 0)
Unloading 60 unused Assets / (68.5 KB). Loaded Objects now: 2933.
Memory consumption went from 101.1 MB to 101.0 MB.
Total: 12.335500 ms (FindLiveObjects: 0.265900 ms CreateObjectMapping: 0.106000 ms MarkObjects: 11.785400 ms  DeleteObjects: 0.176300 ms)

AssetImportParameters requested are different than current active one (requested -> active):
  custom:scripting/monoscript/fileName/UdpSocket.cs: 8c0d397a479fd27af2dbb174e2e93898 -> 7555d065f81d23e6604acb91cf79ddd6
  custom:video-decoder-webm-vp8: 9c59270c3fd7afecdb556c50c9e8de78 -> 
  custom:scripting/monoscript/fileName/Image.cs: 27f7fe2eed0ee693ad26142088b47cca -> f32195bbbc1ca9edcb6c8c6185597e40
  custom:scripting/monoscript/fileName/Cli.cs: be16a0a8bb16d1ef9d2560a778c2da7b -> d287e08b50f2cb135aa4d7f8e01b7ef9
  custom:scripting/monoscript/fileName/MessageEventArgs.cs: ff5ca0eb4b435cf92aa845f4d510328b -> 528473bbcee3623fe954627c6bfadd2e
  custom:SearchIndexIgnoredProperties: e643bd26f0fe6173181afceb89e7c659 -> 
  custom:scripting/monoscript/fileName/ProjectProperties.cs: b180a07572fd00ffb8a37c98ca6e2b49 -> 407063898a13eaad2cd100e43551c6b5
  custom:scripting/monoscript/fileName/KnownAssemblies.cs: eeea5c54de119292c9e35e827e39077b -> 286bea9f8fcee5e392f6fc0f0cd541c8
  custom:container-demuxer-ogg: 62fdf1f143b41e24485cea50d1cbac27 -> 
  custom:AudioImporter_EditorPlatform: d09bf68614088b80899f8185d706f6e7 -> 
  custom:scripting/monoscript/fileName/UnityInstallation.cs: b5b03b3b3e06c1a279a8d0206f524a8c -> 0ba30d4545f2c34a9323456723b5dbfe
  custom:scripting/monoscript/fileName/SolutionProjectEntry.cs: ad134947b839971a55dcc89fa7def608 -> 68cea09e9af09443edf61e18806ac1c2
  custom:scripting/monoscript/fileName/TcpListener.cs: 2e837178dd3ee07b0dd871ea47f79d1c -> 940bfdac0e91ad2884e6359468f2782a
  custom:scripting/monoscript/fileName/SolutionParser.cs: d75126b0174a0c9995bacb91f692ba43 -> 240a75b5fc2682997268aa77e6a1dd86
  custom:scripting/monoscript/fileName/TestAdaptor.cs: 4286d6ce850b7e57b6ad1d9b342a9979 -> 486cec8559bad7c56adc699f165feb67
  custom:scripting/monoscript/fileName/TcpClient.cs: 62f63a757b531974565dd3360d33c3e2 -> a949cfd4c46427829913ee0195fa0103
  custom:video-codec-MediaFoundation-h265: 746d11721c4dcdbdad8f713fa42b33f4 -> 
  custom:scripting/monoscript/fileName/Discovery.cs: a176473c385aca596348ba07cbef9e40 -> 1ae9199a0deb7c5f12573b8e12630fb0
  custom:scripting/monoscript/fileName/FileUtility.cs: 71f27212df47cad3593aaf64e7d40726 -> 2d70b80c72be1fb3b2b89ce0939e8cef
  custom:scripting/monoscript/fileName/VisualStudioIntegration.cs: cfa3622c505da8be2039caefbb88d122 -> f9e623c49f9f20ea97a4519aa48d72d4
  custom:video-decoder-ogg-theora: a1e56fd34408186e4bbccfd4996cb3dc -> 
  custom:scripting/monoscript/fileName/FileIOProvider.cs: 1ce0476a672b5b71a81d6ee006010383 -> 304525d180d2b661ce338fc8a3225752
  custom:framework-win-MediaFoundation: 216162199b28c13a410421893ffa2e32 -> 
  custom:scripting/monoscript/fileName/VSCodeScriptEditor.cs: 976f19e81f1a1748ecd5ce0eeab6e373 -> 
  custom:scripting/monoscript/fileName/Messenger.cs: e5d3a13331933d43889756e46bbd2d7d -> f4ebc46d09b2b4de489946914db2aae0
  custom:scripting/monoscript/fileName/ProcessRunner.cs: 091011eda0e59a4b13abcb3f2a437c71 -> 932a2a80cb9a3539199f645deff3c585
  custom:video-encoder-webm-vp8: eb34c28f22e8b96e1ab97ce403110664 -> 
  custom:scripting/monoscript/fileName/ExceptionEventArgs.cs: e02709200f0b16494a1611966a13889c -> 27cb4c00a4137b184e01164606c88685
  custom:audio-decoder-ogg-vorbis: bf7c407c2cedff20999df2af8eb42d56 -> 
  custom:scripting/monoscript/fileName/FileIO.cs: e12d7b1846fe00e4e229609939e0062b -> 
  custom:scripting/monoscript/fileName/SolutionProperties.cs: e56a3118082c5b341d1dc42cac5ce89b -> ab8751e49ae2f3d9994444a0a38619bd
  custom:scripting/monoscript/fileName/ProjectGeneration.cs: bb5717a1e7f4805d404d6376681e94b3 -> 9a60ae906ea060222f7967033c27f7ed
  custom:scripting/monoscript/fileName/TestRunnerApiListener.cs: 6c187faf0bd0f433a681c31e7512bd7e -> cc17cec8825a8f933d6ecbd68d51f1de
  custom:scripting/monoscript/fileName/Symbols.cs: 45ec383a13e5ac18bbf85f25db5b131e -> 27613575e8bda8a6448f80ff27c488f9
  custom:scripting/monoscript/fileName/VersionPair.cs: 83d1d4ad8ea7a98456de1bf0e51c2809 -> 88b4a0b7e953537f26ded0a68cf4c238
  custom:scripting/monoscript/fileName/GUIDGenerator.cs: 6dd6e35608006bcfade7642e5de04c6b -> 
  custom:scripting/monoscript/fileName/TestResultAdaptor.cs: 16f5b03abe348a2daca79e8d44a65466 -> fb4db3971d5379750cda884e7e44e3e4
  custom:CustomObjectIndexerAttribute: 756ad292c208cfabdd7b50bc23989ffe -> 
  custom:scripting/monoscript/fileName/AssemblyNameProvider.cs: 8a1484c9df9576b6e700d22f66f04285 -> 5210529ddc67cdb852122f447527c528
  custom:scripting/monoscript/fileName/VisualStudioEditor.cs: 0723bb91171820644eb6c92edfe7a716 -> 21e59f688ad500ab61aca318850ec505
  custom:scripting/monoscript/fileName/VisualStudioInstallation.cs: 0d67d8617dccb9ec1e3d5b40231d5c9c -> 41612f13db7783c8635801ab159c1079
  custom:scripting/monoscript/fileName/Serializer.cs: 93add3d414874bb21069d5380b7e3260 -> d7df1b97d0a3bd0bb98fd4d2d5bf5d29
  custom:scripting/monoscript/fileName/Message.cs: dae271262c0220d8340d0a3b5a902790 -> 671a789acb2c7a93d0b620fe02979957
  custom:container-demuxer-webm: 4f35f7cbe854078d1ac9338744f61a02 -> 
  custom:scripting/monoscript/fileName/Deserializer.cs: 5a795d9395ad7e35e14ed6e294af204a -> 1cc72e9ed2428cc6d6ce2d4d2ad7b02b
  custom:scripting/monoscript/fileName/StringUtils.cs: e49393bed9b27f8092372b1c93fd8ad8 -> 2be5fb51e6f0660c955416f4d8f6f7ad
  custom:audio-encoder-webm-vorbis: bf7c407c2cedff20999df2af8eb42d56 -> 
  custom:scripting/monoscript/fileName/Solution.cs: 0ce897859916f31a23b527b10b82ea1c -> 8bc97d0abd509f39b67b3a5bbac1b9a1
  custom:scripting/monoscript/fileName/TestRunnerCallbacks.cs: 3af5d6a10f138e57c289f4f7d34ae28c -> 5627cb9f4ed769fba607b0cab8e9e63d
  custom:scripting/monoscript/fileName/VSCodeDiscovery.cs: d83b4aff57b85f583bfc60cfbb7e527e -> 
  custom:scripting/monoscript/fileName/AsyncOperation.cs: 3532959f22f91de64a101b5696b71208 -> f23cc551eab7049146420a4196093425
  custom:scripting/monoscript/fileName/GUIDProvider.cs: 42851dcbdcf2b3e052b42a23bdc10c5e -> cdd3f47e4fe593d2dfdf9915fa537e3f
  custom:scripting/monoscript/fileName/UsageUtility.cs: 8b1af87d43264a213340a26d31d1dfd4 -> 5ed3d13206b2b96245ce59a5c83beed1
  custom:container-muxer-webm: aa71ff27fc2769a1b78a27578f13a17b -> 
========================================================================
Received Import Request.
  Time since last request: 28021.770411 seconds.
  path: Assets/Animations/Ship/Idle.anim
  artifactKey: Guid(adfb220e107d2fb4f927a7571f49858e) Importer(2089858483,0ecaa5967403d082aa24f35e1b516d23)
Start importing Assets/Animations/Ship/Idle.anim using Guid(adfb220e107d2fb4f927a7571f49858e) Importer(2089858483,0ecaa5967403d082aa24f35e1b516d23) Generated GUIDs only implemented for interfaces!
 -> (artifact id: '1d87afaf0baa456ffce588f7e6e2db30') in 0.150080 seconds
Number of updated asset objects reloaded before import = 0
Number of asset objects unloaded after import = 1
========================================================================
Received Import Request.
  Time since last request: 0.000034 seconds.
  path: Assets/Animations/Explosion/explosion_0.controller
  artifactKey: Guid(5fdc541d9fd77a7468f64fa522223ff0) Importer(2089858483,0ecaa5967403d082aa24f35e1b516d23)
Start importing Assets/Animations/Explosion/explosion_0.controller using Guid(5fdc541d9fd77a7468f64fa522223ff0) Importer(2089858483,0ecaa5967403d082aa24f35e1b516d23) Generated GUIDs only implemented for interfaces!
 -> (artifact id: 'a3e5d826bc6de0c653602ca29e074416') in 0.065709 seconds
Number of updated asset objects reloaded before import = 0
Number of asset objects unloaded after import = 4
========================================================================
Received Import Request.
  Time since last request: 0.000027 seconds.
  path: Assets/Animations/SmallEnemy/Idle.anim
  artifactKey: Guid(2028b24aa2cbc2f4a8c557a0b0ba2d50) Importer(2089858483,0ecaa5967403d082aa24f35e1b516d23)
Start importing Assets/Animations/SmallEnemy/Idle.anim using Guid(2028b24aa2cbc2f4a8c557a0b0ba2d50) Importer(2089858483,0ecaa5967403d082aa24f35e1b516d23) Generated GUIDs only implemented for interfaces!
 -> (artifact id: '9f787b60f1e7c6f38920eed5e56902f4') in 0.024370 seconds
Number of updated asset objects reloaded before import = 0
Number of asset objects unloaded after import = 1
========================================================================
Received Import Request.
  Time since last request: 0.000026 seconds.
  path: Assets/Animations/Explosion/Idle.anim
  artifactKey: Guid(10dafd0f39bbbcb409939659ae38d1f5) Importer(2089858483,0ecaa5967403d082aa24f35e1b516d23)
Start importing Assets/Animations/Explosion/Idle.anim using Guid(10dafd0f39bbbcb409939659ae38d1f5) Importer(2089858483,0ecaa5967403d082aa24f35e1b516d23) Generated GUIDs only implemented for interfaces!
 -> (artifact id: '51107a884ae5d462c0fe2ae95810d04d') in 0.023272 seconds
Number of updated asset objects reloaded before import = 0
Number of asset objects unloaded after import = 1
========================================================================
Received Import Request.
  Time since last request: 0.000022 seconds.
  path: Assets/Animations/Ship/Lefting.anim
  artifactKey: Guid(6c744bf979df5714aa4f7113248f0803) Importer(2089858483,0ecaa5967403d082aa24f35e1b516d23)
Start importing Assets/Animations/Ship/Lefting.anim using Guid(6c744bf979df5714aa4f7113248f0803) Importer(2089858483,0ecaa5967403d082aa24f35e1b516d23) Generated GUIDs only implemented for interfaces!
 -> (artifact id: 'e1301b298f2d38ad8954f49274977b19') in 0.022130 seconds
Number of updated asset objects reloaded before import = 0
Number of asset objects unloaded after import = 1
========================================================================
Received Import Request.
  Time since last request: 0.000026 seconds.
  path: Assets/Animations/Bolt/Bolt.controller
  artifactKey: Guid(e7df87ca1657a64488c32d796dd7107c) Importer(2089858483,0ecaa5967403d082aa24f35e1b516d23)
Start importing Assets/Animations/Bolt/Bolt.controller using Guid(e7df87ca1657a64488c32d796dd7107c) Importer(2089858483,0ecaa5967403d082aa24f35e1b516d23) Generated GUIDs only implemented for interfaces!
 -> (artifact id: 'fb2bf8cea90a812cc0d5c6e4996cb7ac') in 0.057972 seconds
Number of updated asset objects reloaded before import = 0
Number of asset objects unloaded after import = 4
========================================================================
Received Import Request.
  Time since last request: 0.000024 seconds.
  path: Assets/Animations/Bolt/Idle.anim
  artifactKey: Guid(42549f4de7e9ee546a47a9fc12c99209) Importer(2089858483,0ecaa5967403d082aa24f35e1b516d23)
Start importing Assets/Animations/Bolt/Idle.anim using Guid(42549f4de7e9ee546a47a9fc12c99209) Importer(2089858483,0ecaa5967403d082aa24f35e1b516d23) Generated GUIDs only implemented for interfaces!
 -> (artifact id: 'a1bc017ba9e46320244bff69bd166351') in 0.023488 seconds
Number of updated asset objects reloaded before import = 0
Number of asset objects unloaded after import = 1
========================================================================
Received Import Request.
  Time since last request: 0.000109 seconds.
  path: Assets/Resources/BillingMode.json
  artifactKey: Guid(30eace820cefc04458b8f7f85759b69f) Importer(2089858483,0ecaa5967403d082aa24f35e1b516d23)
Start importing Assets/Resources/BillingMode.json using Guid(30eace820cefc04458b8f7f85759b69f) Importer(2089858483,0ecaa5967403d082aa24f35e1b516d23) Generated GUIDs only implemented for interfaces!
 -> (artifact id: 'c23c0823a73161d71952dc28711c290c') in 0.029692 seconds
Number of updated asset objects reloaded before import = 0
Number of asset objects unloaded after import = 1
========================================================================
Received Import Request.
  Time since last request: 356.599189 seconds.
  path: Assets/ShipController.cs
  artifactKey: Guid(0507c691b2367d141a267b489a74f147) Importer(2089858483,0ecaa5967403d082aa24f35e1b516d23)
Start importing Assets/ShipController.cs using Guid(0507c691b2367d141a267b489a74f147) Importer(2089858483,0ecaa5967403d082aa24f35e1b516d23) Generated GUIDs only implemented for interfaces!
 -> (artifact id: '4056f0ebc2546d33d49197ecb77b69d1') in 0.024489 seconds
Number of updated asset objects reloaded before import = 0
Number of asset objects unloaded after import = 1
========================================================================
Received Prepare
Begin MonoManager ReloadAssembly
Symbol file LoadedFromMemory is not a mono symbol file
- Loaded All Assemblies, in  0.662 seconds
Refreshing native plugins compatible for Editor in 13.97 ms, found 2 plugins.
Native extension for WindowsStandalone target not found
[Package Manager] Server::EnsureServerProcessIsRunning -- launch failed, reason: Unity was launched with the -noUpm command-line argument
[Package Manager] UpmClient::Send -- Unable to send message (not connected to UPM process).
[Package Manager] Cannot connect to Unity Package Manager local server
Mono: successfully reloaded assembly
- Finished resetting the current domain, in  1.281 seconds
Domain Reload Profiling: 1937ms
	BeginReloadAssembly (214ms)
		ExecutionOrderSort (0ms)
		DisableScriptedObjects (10ms)
		BackupInstance (0ms)
		ReleaseScriptingObjects (0ms)
		CreateAndSetChildDomain (51ms)
	RebuildCommonClasses (49ms)
	RebuildNativeTypeToScriptingClass (13ms)
	initialDomainReloadingComplete (43ms)
	LoadAllAssembliesAndSetupDomain (337ms)
		LoadAssemblies (433ms)
		RebuildTransferFunctionScriptingTraits (0ms)
		AnalyzeDomain (21ms)
			TypeCache.Refresh (8ms)
				TypeCache.ScanAssembly (0ms)
			ScanForSourceGeneratedMonoScriptInfo (8ms)
			ResolveRequiredComponents (3ms)
	FinalizeReload (1281ms)
		ReleaseScriptCaches (0ms)
		RebuildScriptCaches (0ms)
		SetupLoadedEditorAssemblies (584ms)
			LogAssemblyErrors (0ms)
			InitializePlatformSupportModulesInManaged (8ms)
			SetLoadedEditorAssemblies (5ms)
			RefreshPlugins (0ms)
			BeforeProcessingInitializeOnLoad (79ms)
			ProcessInitializeOnLoadAttributes (304ms)
			ProcessInitializeOnLoadMethodAttributes (176ms)
			AfterProcessingInitializeOnLoad (11ms)
			EditorAssembliesLoaded (0ms)
		ExecutionOrderSort2 (0ms)
		AwakeInstancesAfterBackupRestoration (15ms)
Refreshing native plugins compatible for Editor in 14.73 ms, found 2 plugins.
Preloading 0 native plugins for Editor in 0.00 ms.
Unloading 2485 Unused Serialized files (Serialized files now loaded: 0)
Unloading 49 unused Assets / (42.4 KB). Loaded Objects now: 2937.
Memory consumption went from 99.9 MB to 99.9 MB.
Total: 8.925800 ms (FindLiveObjects: 0.239200 ms CreateObjectMapping: 0.088900 ms MarkObjects: 8.488600 ms  DeleteObjects: 0.107900 ms)

Prepare: number of updated asset objects reloaded= 0
AssetImportParameters requested are different than current active one (requested -> active):
  custom:scripting/monoscript/fileName/UdpSocket.cs: 8c0d397a479fd27af2dbb174e2e93898 -> 7555d065f81d23e6604acb91cf79ddd6
  custom:video-decoder-webm-vp8: 9c59270c3fd7afecdb556c50c9e8de78 -> 
  custom:scripting/monoscript/fileName/Image.cs: 27f7fe2eed0ee693ad26142088b47cca -> f32195bbbc1ca9edcb6c8c6185597e40
  custom:scripting/monoscript/fileName/Cli.cs: be16a0a8bb16d1ef9d2560a778c2da7b -> d287e08b50f2cb135aa4d7f8e01b7ef9
  custom:scripting/monoscript/fileName/MessageEventArgs.cs: ff5ca0eb4b435cf92aa845f4d510328b -> 528473bbcee3623fe954627c6bfadd2e
  custom:SearchIndexIgnoredProperties: e643bd26f0fe6173181afceb89e7c659 -> 
  custom:scripting/monoscript/fileName/ProjectProperties.cs: b180a07572fd00ffb8a37c98ca6e2b49 -> 407063898a13eaad2cd100e43551c6b5
  custom:scripting/monoscript/fileName/KnownAssemblies.cs: eeea5c54de119292c9e35e827e39077b -> 286bea9f8fcee5e392f6fc0f0cd541c8
  custom:container-demuxer-ogg: 62fdf1f143b41e24485cea50d1cbac27 -> 
  custom:AudioImporter_EditorPlatform: d09bf68614088b80899f8185d706f6e7 -> 
  custom:scripting/monoscript/fileName/UnityInstallation.cs: b5b03b3b3e06c1a279a8d0206f524a8c -> 0ba30d4545f2c34a9323456723b5dbfe
  custom:scripting/monoscript/fileName/SolutionProjectEntry.cs: ad134947b839971a55dcc89fa7def608 -> 68cea09e9af09443edf61e18806ac1c2
  custom:scripting/monoscript/fileName/TcpListener.cs: 2e837178dd3ee07b0dd871ea47f79d1c -> 940bfdac0e91ad2884e6359468f2782a
  custom:scripting/monoscript/fileName/SolutionParser.cs: d75126b0174a0c9995bacb91f692ba43 -> 240a75b5fc2682997268aa77e6a1dd86
  custom:scripting/monoscript/fileName/TestAdaptor.cs: 4286d6ce850b7e57b6ad1d9b342a9979 -> 486cec8559bad7c56adc699f165feb67
  custom:scripting/monoscript/fileName/TcpClient.cs: 62f63a757b531974565dd3360d33c3e2 -> a949cfd4c46427829913ee0195fa0103
  custom:video-codec-MediaFoundation-h265: 746d11721c4dcdbdad8f713fa42b33f4 -> 
  custom:scripting/monoscript/fileName/Discovery.cs: a176473c385aca596348ba07cbef9e40 -> 1ae9199a0deb7c5f12573b8e12630fb0
  custom:scripting/monoscript/fileName/FileUtility.cs: 71f27212df47cad3593aaf64e7d40726 -> 2d70b80c72be1fb3b2b89ce0939e8cef
  custom:scripting/monoscript/fileName/VisualStudioIntegration.cs: cfa3622c505da8be2039caefbb88d122 -> f9e623c49f9f20ea97a4519aa48d72d4
  custom:video-decoder-ogg-theora: a1e56fd34408186e4bbccfd4996cb3dc -> 
  custom:scripting/monoscript/fileName/FileIOProvider.cs: 1ce0476a672b5b71a81d6ee006010383 -> 304525d180d2b661ce338fc8a3225752
  custom:framework-win-MediaFoundation: 216162199b28c13a410421893ffa2e32 -> 
  custom:scripting/monoscript/fileName/VSCodeScriptEditor.cs: 976f19e81f1a1748ecd5ce0eeab6e373 -> 
  custom:scripting/monoscript/fileName/Messenger.cs: e5d3a13331933d43889756e46bbd2d7d -> f4ebc46d09b2b4de489946914db2aae0
  custom:scripting/monoscript/fileName/ProcessRunner.cs: 091011eda0e59a4b13abcb3f2a437c71 -> 932a2a80cb9a3539199f645deff3c585
  custom:video-encoder-webm-vp8: eb34c28f22e8b96e1ab97ce403110664 -> 
  custom:scripting/monoscript/fileName/ExceptionEventArgs.cs: e02709200f0b16494a1611966a13889c -> 27cb4c00a4137b184e01164606c88685
  custom:audio-decoder-ogg-vorbis: bf7c407c2cedff20999df2af8eb42d56 -> 
  custom:scripting/monoscript/fileName/FileIO.cs: e12d7b1846fe00e4e229609939e0062b -> 
  custom:scripting/monoscript/fileName/SolutionProperties.cs: e56a3118082c5b341d1dc42cac5ce89b -> ab8751e49ae2f3d9994444a0a38619bd
  custom:scripting/monoscript/fileName/ProjectGeneration.cs: bb5717a1e7f4805d404d6376681e94b3 -> 9a60ae906ea060222f7967033c27f7ed
  custom:scripting/monoscript/fileName/TestRunnerApiListener.cs: 6c187faf0bd0f433a681c31e7512bd7e -> cc17cec8825a8f933d6ecbd68d51f1de
  custom:scripting/monoscript/fileName/Symbols.cs: 45ec383a13e5ac18bbf85f25db5b131e -> 27613575e8bda8a6448f80ff27c488f9
  custom:scripting/monoscript/fileName/VersionPair.cs: 83d1d4ad8ea7a98456de1bf0e51c2809 -> 88b4a0b7e953537f26ded0a68cf4c238
  custom:scripting/monoscript/fileName/GUIDGenerator.cs: 6dd6e35608006bcfade7642e5de04c6b -> 
  custom:scripting/monoscript/fileName/TestResultAdaptor.cs: 16f5b03abe348a2daca79e8d44a65466 -> fb4db3971d5379750cda884e7e44e3e4
  custom:CustomObjectIndexerAttribute: 756ad292c208cfabdd7b50bc23989ffe -> 
  custom:scripting/monoscript/fileName/AssemblyNameProvider.cs: 8a1484c9df9576b6e700d22f66f04285 -> 5210529ddc67cdb852122f447527c528
  custom:scripting/monoscript/fileName/VisualStudioEditor.cs: 0723bb91171820644eb6c92edfe7a716 -> 21e59f688ad500ab61aca318850ec505
  custom:scripting/monoscript/fileName/VisualStudioInstallation.cs: 0d67d8617dccb9ec1e3d5b40231d5c9c -> 41612f13db7783c8635801ab159c1079
  custom:scripting/monoscript/fileName/Serializer.cs: 93add3d414874bb21069d5380b7e3260 -> d7df1b97d0a3bd0bb98fd4d2d5bf5d29
  custom:scripting/monoscript/fileName/Message.cs: dae271262c0220d8340d0a3b5a902790 -> 671a789acb2c7a93d0b620fe02979957
  custom:container-demuxer-webm: 4f35f7cbe854078d1ac9338744f61a02 -> 
  custom:scripting/monoscript/fileName/Deserializer.cs: 5a795d9395ad7e35e14ed6e294af204a -> 1cc72e9ed2428cc6d6ce2d4d2ad7b02b
  custom:scripting/monoscript/fileName/StringUtils.cs: e49393bed9b27f8092372b1c93fd8ad8 -> 2be5fb51e6f0660c955416f4d8f6f7ad
  custom:audio-encoder-webm-vorbis: bf7c407c2cedff20999df2af8eb42d56 -> 
  custom:scripting/monoscript/fileName/Solution.cs: 0ce897859916f31a23b527b10b82ea1c -> 8bc97d0abd509f39b67b3a5bbac1b9a1
  custom:scripting/monoscript/fileName/TestRunnerCallbacks.cs: 3af5d6a10f138e57c289f4f7d34ae28c -> 5627cb9f4ed769fba607b0cab8e9e63d
  custom:scripting/monoscript/fileName/VSCodeDiscovery.cs: d83b4aff57b85f583bfc60cfbb7e527e -> 
  custom:scripting/monoscript/fileName/AsyncOperation.cs: 3532959f22f91de64a101b5696b71208 -> f23cc551eab7049146420a4196093425
  custom:scripting/monoscript/fileName/GUIDProvider.cs: 42851dcbdcf2b3e052b42a23bdc10c5e -> cdd3f47e4fe593d2dfdf9915fa537e3f
  custom:scripting/monoscript/fileName/UsageUtility.cs: 8b1af87d43264a213340a26d31d1dfd4 -> 5ed3d13206b2b96245ce59a5c83beed1
  custom:container-muxer-webm: aa71ff27fc2769a1b78a27578f13a17b -> 
========================================================================
Received Import Request.
  Time since last request: 25.328136 seconds.
  path: Assets/ShipController.cs
  artifactKey: Guid(0507c691b2367d141a267b489a74f147) Importer(815301076,1909f56bfc062723c751e8b465ee728b)
Start importing Assets/ShipController.cs using Guid(0507c691b2367d141a267b489a74f147) Importer(815301076,1909f56bfc062723c751e8b465ee728b)  -> (artifact id: '1ca93ecd0aef9fc8f3ec7d24f8bb073c') in 0.002636 seconds
Number of updated asset objects reloaded before import = 0
Number of asset objects unloaded after import = 0
========================================================================
Received Prepare
Begin MonoManager ReloadAssembly
Symbol file LoadedFromMemory is not a mono symbol file
- Loaded All Assemblies, in  0.579 seconds
Refreshing native plugins compatible for Editor in 13.35 ms, found 2 plugins.
Native extension for WindowsStandalone target not found
[Package Manager] Server::EnsureServerProcessIsRunning -- launch failed, reason: Unity was launched with the -noUpm command-line argument
[Package Manager] UpmClient::Send -- Unable to send message (not connected to UPM process).
[Package Manager] Cannot connect to Unity Package Manager local server
Mono: successfully reloaded assembly
- Finished resetting the current domain, in  1.111 seconds
Domain Reload Profiling: 1686ms
	BeginReloadAssembly (195ms)
		ExecutionOrderSort (0ms)
		DisableScriptedObjects (7ms)
		BackupInstance (0ms)
		ReleaseScriptingObjects (0ms)
		CreateAndSetChildDomain (43ms)
	RebuildCommonClasses (43ms)
	RebuildNativeTypeToScriptingClass (14ms)
	initialDomainReloadingComplete (37ms)
	LoadAllAssembliesAndSetupDomain (285ms)
		LoadAssemblies (372ms)
		RebuildTransferFunctionScriptingTraits (0ms)
		AnalyzeDomain (24ms)
			TypeCache.Refresh (9ms)
				TypeCache.ScanAssembly (0ms)
			ScanForSourceGeneratedMonoScriptInfo (9ms)
			ResolveRequiredComponents (5ms)
	FinalizeReload (1112ms)
		ReleaseScriptCaches (0ms)
		RebuildScriptCaches (0ms)
		SetupLoadedEditorAssemblies (551ms)
			LogAssemblyErrors (0ms)
			InitializePlatformSupportModulesInManaged (6ms)
			SetLoadedEditorAssemblies (5ms)
			RefreshPlugins (0ms)
			BeforeProcessingInitializeOnLoad (81ms)
			ProcessInitializeOnLoadAttributes (282ms)
			ProcessInitializeOnLoadMethodAttributes (170ms)
			AfterProcessingInitializeOnLoad (6ms)
			EditorAssembliesLoaded (0ms)
		ExecutionOrderSort2 (0ms)
		AwakeInstancesAfterBackupRestoration (8ms)
Refreshing native plugins compatible for Editor in 8.42 ms, found 2 plugins.
Preloading 0 native plugins for Editor in 0.00 ms.
Unloading 2485 Unused Serialized files (Serialized files now loaded: 0)
Unloading 49 unused Assets / (42.4 KB). Loaded Objects now: 2940.
Memory consumption went from 99.9 MB to 99.9 MB.
Total: 8.436600 ms (FindLiveObjects: 0.476500 ms CreateObjectMapping: 0.095200 ms MarkObjects: 7.746900 ms  DeleteObjects: 0.116300 ms)

Prepare: number of updated asset objects reloaded= 0
AssetImportParameters requested are different than current active one (requested -> active):
  custom:scripting/monoscript/fileName/UdpSocket.cs: 8c0d397a479fd27af2dbb174e2e93898 -> 7555d065f81d23e6604acb91cf79ddd6
  custom:video-decoder-webm-vp8: 9c59270c3fd7afecdb556c50c9e8de78 -> 
  custom:scripting/monoscript/fileName/Image.cs: 27f7fe2eed0ee693ad26142088b47cca -> f32195bbbc1ca9edcb6c8c6185597e40
  custom:scripting/monoscript/fileName/Cli.cs: be16a0a8bb16d1ef9d2560a778c2da7b -> d287e08b50f2cb135aa4d7f8e01b7ef9
  custom:scripting/monoscript/fileName/MessageEventArgs.cs: ff5ca0eb4b435cf92aa845f4d510328b -> 528473bbcee3623fe954627c6bfadd2e
  custom:SearchIndexIgnoredProperties: e643bd26f0fe6173181afceb89e7c659 -> 
  custom:scripting/monoscript/fileName/ProjectProperties.cs: b180a07572fd00ffb8a37c98ca6e2b49 -> 407063898a13eaad2cd100e43551c6b5
  custom:scripting/monoscript/fileName/KnownAssemblies.cs: eeea5c54de119292c9e35e827e39077b -> 286bea9f8fcee5e392f6fc0f0cd541c8
  custom:container-demuxer-ogg: 62fdf1f143b41e24485cea50d1cbac27 -> 
  custom:AudioImporter_EditorPlatform: d09bf68614088b80899f8185d706f6e7 -> 
  custom:scripting/monoscript/fileName/UnityInstallation.cs: b5b03b3b3e06c1a279a8d0206f524a8c -> 0ba30d4545f2c34a9323456723b5dbfe
  custom:scripting/monoscript/fileName/SolutionProjectEntry.cs: ad134947b839971a55dcc89fa7def608 -> 68cea09e9af09443edf61e18806ac1c2
  custom:scripting/monoscript/fileName/TcpListener.cs: 2e837178dd3ee07b0dd871ea47f79d1c -> 940bfdac0e91ad2884e6359468f2782a
  custom:scripting/monoscript/fileName/SolutionParser.cs: d75126b0174a0c9995bacb91f692ba43 -> 240a75b5fc2682997268aa77e6a1dd86
  custom:scripting/monoscript/fileName/TestAdaptor.cs: 4286d6ce850b7e57b6ad1d9b342a9979 -> 486cec8559bad7c56adc699f165feb67
  custom:scripting/monoscript/fileName/TcpClient.cs: 62f63a757b531974565dd3360d33c3e2 -> a949cfd4c46427829913ee0195fa0103
  custom:video-codec-MediaFoundation-h265: 746d11721c4dcdbdad8f713fa42b33f4 -> 
  custom:scripting/monoscript/fileName/Discovery.cs: a176473c385aca596348ba07cbef9e40 -> 1ae9199a0deb7c5f12573b8e12630fb0
  custom:scripting/monoscript/fileName/FileUtility.cs: 71f27212df47cad3593aaf64e7d40726 -> 2d70b80c72be1fb3b2b89ce0939e8cef
  custom:scripting/monoscript/fileName/VisualStudioIntegration.cs: cfa3622c505da8be2039caefbb88d122 -> f9e623c49f9f20ea97a4519aa48d72d4
  custom:video-decoder-ogg-theora: a1e56fd34408186e4bbccfd4996cb3dc -> 
  custom:scripting/monoscript/fileName/FileIOProvider.cs: 1ce0476a672b5b71a81d6ee006010383 -> 304525d180d2b661ce338fc8a3225752
  custom:framework-win-MediaFoundation: 216162199b28c13a410421893ffa2e32 -> 
  custom:scripting/monoscript/fileName/VSCodeScriptEditor.cs: 976f19e81f1a1748ecd5ce0eeab6e373 -> 
  custom:scripting/monoscript/fileName/Messenger.cs: e5d3a13331933d43889756e46bbd2d7d -> f4ebc46d09b2b4de489946914db2aae0
  custom:scripting/monoscript/fileName/ProcessRunner.cs: 091011eda0e59a4b13abcb3f2a437c71 -> 932a2a80cb9a3539199f645deff3c585
  custom:video-encoder-webm-vp8: eb34c28f22e8b96e1ab97ce403110664 -> 
  custom:scripting/monoscript/fileName/ExceptionEventArgs.cs: e02709200f0b16494a1611966a13889c -> 27cb4c00a4137b184e01164606c88685
  custom:audio-decoder-ogg-vorbis: bf7c407c2cedff20999df2af8eb42d56 -> 
  custom:scripting/monoscript/fileName/FileIO.cs: e12d7b1846fe00e4e229609939e0062b -> 
  custom:scripting/monoscript/fileName/SolutionProperties.cs: e56a3118082c5b341d1dc42cac5ce89b -> ab8751e49ae2f3d9994444a0a38619bd
  custom:scripting/monoscript/fileName/ProjectGeneration.cs: bb5717a1e7f4805d404d6376681e94b3 -> 9a60ae906ea060222f7967033c27f7ed
  custom:scripting/monoscript/fileName/TestRunnerApiListener.cs: 6c187faf0bd0f433a681c31e7512bd7e -> cc17cec8825a8f933d6ecbd68d51f1de
  custom:scripting/monoscript/fileName/Symbols.cs: 45ec383a13e5ac18bbf85f25db5b131e -> 27613575e8bda8a6448f80ff27c488f9
  custom:scripting/monoscript/fileName/VersionPair.cs: 83d1d4ad8ea7a98456de1bf0e51c2809 -> 88b4a0b7e953537f26ded0a68cf4c238
  custom:scripting/monoscript/fileName/GUIDGenerator.cs: 6dd6e35608006bcfade7642e5de04c6b -> 
  custom:scripting/monoscript/fileName/TestResultAdaptor.cs: 16f5b03abe348a2daca79e8d44a65466 -> fb4db3971d5379750cda884e7e44e3e4
  custom:CustomObjectIndexerAttribute: 756ad292c208cfabdd7b50bc23989ffe -> 
  custom:scripting/monoscript/fileName/AssemblyNameProvider.cs: 8a1484c9df9576b6e700d22f66f04285 -> 5210529ddc67cdb852122f447527c528
  custom:scripting/monoscript/fileName/VisualStudioEditor.cs: 0723bb91171820644eb6c92edfe7a716 -> 21e59f688ad500ab61aca318850ec505
  custom:scripting/monoscript/fileName/VisualStudioInstallation.cs: 0d67d8617dccb9ec1e3d5b40231d5c9c -> 41612f13db7783c8635801ab159c1079
  custom:scripting/monoscript/fileName/Serializer.cs: 93add3d414874bb21069d5380b7e3260 -> d7df1b97d0a3bd0bb98fd4d2d5bf5d29
  custom:scripting/monoscript/fileName/Message.cs: dae271262c0220d8340d0a3b5a902790 -> 671a789acb2c7a93d0b620fe02979957
  custom:container-demuxer-webm: 4f35f7cbe854078d1ac9338744f61a02 -> 
  custom:scripting/monoscript/fileName/Deserializer.cs: 5a795d9395ad7e35e14ed6e294af204a -> 1cc72e9ed2428cc6d6ce2d4d2ad7b02b
  custom:scripting/monoscript/fileName/StringUtils.cs: e49393bed9b27f8092372b1c93fd8ad8 -> 2be5fb51e6f0660c955416f4d8f6f7ad
  custom:audio-encoder-webm-vorbis: bf7c407c2cedff20999df2af8eb42d56 -> 
  custom:scripting/monoscript/fileName/Solution.cs: 0ce897859916f31a23b527b10b82ea1c -> 8bc97d0abd509f39b67b3a5bbac1b9a1
  custom:scripting/monoscript/fileName/TestRunnerCallbacks.cs: 3af5d6a10f138e57c289f4f7d34ae28c -> 5627cb9f4ed769fba607b0cab8e9e63d
  custom:scripting/monoscript/fileName/VSCodeDiscovery.cs: d83b4aff57b85f583bfc60cfbb7e527e -> 
  custom:scripting/monoscript/fileName/AsyncOperation.cs: 3532959f22f91de64a101b5696b71208 -> f23cc551eab7049146420a4196093425
  custom:scripting/monoscript/fileName/GUIDProvider.cs: 42851dcbdcf2b3e052b42a23bdc10c5e -> cdd3f47e4fe593d2dfdf9915fa537e3f
  custom:scripting/monoscript/fileName/UsageUtility.cs: 8b1af87d43264a213340a26d31d1dfd4 -> 5ed3d13206b2b96245ce59a5c83beed1
  custom:container-muxer-webm: aa71ff27fc2769a1b78a27578f13a17b -> 
========================================================================
Received Prepare
Begin MonoManager ReloadAssembly
Symbol file LoadedFromMemory is not a mono symbol file
- Loaded All Assemblies, in  0.534 seconds
Refreshing native plugins compatible for Editor in 11.45 ms, found 2 plugins.
Native extension for WindowsStandalone target not found
[Package Manager] Server::EnsureServerProcessIsRunning -- launch failed, reason: Unity was launched with the -noUpm command-line argument
[Package Manager] UpmClient::Send -- Unable to send message (not connected to UPM process).
[Package Manager] Cannot connect to Unity Package Manager local server
Mono: successfully reloaded assembly
- Finished resetting the current domain, in  1.417 seconds
Domain Reload Profiling: 1947ms
	BeginReloadAssembly (190ms)
		ExecutionOrderSort (0ms)
		DisableScriptedObjects (8ms)
		BackupInstance (0ms)
		ReleaseScriptingObjects (0ms)
		CreateAndSetChildDomain (45ms)
	RebuildCommonClasses (41ms)
	RebuildNativeTypeToScriptingClass (13ms)
	initialDomainReloadingComplete (34ms)
	LoadAllAssembliesAndSetupDomain (251ms)
		LoadAssemblies (341ms)
		RebuildTransferFunctionScriptingTraits (0ms)
		AnalyzeDomain (10ms)
			TypeCache.Refresh (6ms)
				TypeCache.ScanAssembly (0ms)
			ScanForSourceGeneratedMonoScriptInfo (0ms)
			ResolveRequiredComponents (3ms)
	FinalizeReload (1418ms)
		ReleaseScriptCaches (0ms)
		RebuildScriptCaches (0ms)
		SetupLoadedEditorAssemblies (773ms)
			LogAssemblyErrors (0ms)
			InitializePlatformSupportModulesInManaged (9ms)
			SetLoadedEditorAssemblies (7ms)
			RefreshPlugins (0ms)
			BeforeProcessingInitializeOnLoad (87ms)
			ProcessInitializeOnLoadAttributes (422ms)
			ProcessInitializeOnLoadMethodAttributes (238ms)
			AfterProcessingInitializeOnLoad (10ms)
			EditorAssembliesLoaded (0ms)
		ExecutionOrderSort2 (0ms)
		AwakeInstancesAfterBackupRestoration (14ms)
Refreshing native plugins compatible for Editor in 14.30 ms, found 2 plugins.
Preloading 0 native plugins for Editor in 0.00 ms.
Unloading 2486 Unused Serialized files (Serialized files now loaded: 0)
Unloading 49 unused Assets / (42.4 KB). Loaded Objects now: 2943.
Memory consumption went from 100.2 MB to 100.2 MB.
Total: 11.116600 ms (FindLiveObjects: 0.340500 ms CreateObjectMapping: 0.116200 ms MarkObjects: 10.523000 ms  DeleteObjects: 0.134500 ms)

Prepare: number of updated asset objects reloaded= 0
AssetImportParameters requested are different than current active one (requested -> active):
  custom:scripting/monoscript/fileName/UdpSocket.cs: 8c0d397a479fd27af2dbb174e2e93898 -> 7555d065f81d23e6604acb91cf79ddd6
  custom:video-decoder-webm-vp8: 9c59270c3fd7afecdb556c50c9e8de78 -> 
  custom:scripting/monoscript/fileName/Image.cs: 27f7fe2eed0ee693ad26142088b47cca -> f32195bbbc1ca9edcb6c8c6185597e40
  custom:scripting/monoscript/fileName/Cli.cs: be16a0a8bb16d1ef9d2560a778c2da7b -> d287e08b50f2cb135aa4d7f8e01b7ef9
  custom:scripting/monoscript/fileName/MessageEventArgs.cs: ff5ca0eb4b435cf92aa845f4d510328b -> 528473bbcee3623fe954627c6bfadd2e
  custom:SearchIndexIgnoredProperties: e643bd26f0fe6173181afceb89e7c659 -> 
  custom:scripting/monoscript/fileName/ProjectProperties.cs: b180a07572fd00ffb8a37c98ca6e2b49 -> 407063898a13eaad2cd100e43551c6b5
  custom:scripting/monoscript/fileName/KnownAssemblies.cs: eeea5c54de119292c9e35e827e39077b -> 286bea9f8fcee5e392f6fc0f0cd541c8
  custom:container-demuxer-ogg: 62fdf1f143b41e24485cea50d1cbac27 -> 
  custom:AudioImporter_EditorPlatform: d09bf68614088b80899f8185d706f6e7 -> 
  custom:scripting/monoscript/fileName/UnityInstallation.cs: b5b03b3b3e06c1a279a8d0206f524a8c -> 0ba30d4545f2c34a9323456723b5dbfe
  custom:scripting/monoscript/fileName/SolutionProjectEntry.cs: ad134947b839971a55dcc89fa7def608 -> 68cea09e9af09443edf61e18806ac1c2
  custom:scripting/monoscript/fileName/TcpListener.cs: 2e837178dd3ee07b0dd871ea47f79d1c -> 940bfdac0e91ad2884e6359468f2782a
  custom:scripting/monoscript/fileName/SolutionParser.cs: d75126b0174a0c9995bacb91f692ba43 -> 240a75b5fc2682997268aa77e6a1dd86
  custom:scripting/monoscript/fileName/TestAdaptor.cs: 4286d6ce850b7e57b6ad1d9b342a9979 -> 486cec8559bad7c56adc699f165feb67
  custom:scripting/monoscript/fileName/TcpClient.cs: 62f63a757b531974565dd3360d33c3e2 -> a949cfd4c46427829913ee0195fa0103
  custom:video-codec-MediaFoundation-h265: 746d11721c4dcdbdad8f713fa42b33f4 -> 
  custom:scripting/monoscript/fileName/Discovery.cs: a176473c385aca596348ba07cbef9e40 -> 1ae9199a0deb7c5f12573b8e12630fb0
  custom:scripting/monoscript/fileName/FileUtility.cs: 71f27212df47cad3593aaf64e7d40726 -> 2d70b80c72be1fb3b2b89ce0939e8cef
  custom:scripting/monoscript/fileName/VisualStudioIntegration.cs: cfa3622c505da8be2039caefbb88d122 -> f9e623c49f9f20ea97a4519aa48d72d4
  custom:video-decoder-ogg-theora: a1e56fd34408186e4bbccfd4996cb3dc -> 
  custom:scripting/monoscript/fileName/FileIOProvider.cs: 1ce0476a672b5b71a81d6ee006010383 -> 304525d180d2b661ce338fc8a3225752
  custom:framework-win-MediaFoundation: 216162199b28c13a410421893ffa2e32 -> 
  custom:scripting/monoscript/fileName/VSCodeScriptEditor.cs: 976f19e81f1a1748ecd5ce0eeab6e373 -> 
  custom:scripting/monoscript/fileName/Messenger.cs: e5d3a13331933d43889756e46bbd2d7d -> f4ebc46d09b2b4de489946914db2aae0
  custom:scripting/monoscript/fileName/ProcessRunner.cs: 091011eda0e59a4b13abcb3f2a437c71 -> 932a2a80cb9a3539199f645deff3c585
  custom:video-encoder-webm-vp8: eb34c28f22e8b96e1ab97ce403110664 -> 
  custom:scripting/monoscript/fileName/ExceptionEventArgs.cs: e02709200f0b16494a1611966a13889c -> 27cb4c00a4137b184e01164606c88685
  custom:audio-decoder-ogg-vorbis: bf7c407c2cedff20999df2af8eb42d56 -> 
  custom:scripting/monoscript/fileName/FileIO.cs: e12d7b1846fe00e4e229609939e0062b -> 
  custom:scripting/monoscript/fileName/SolutionProperties.cs: e56a3118082c5b341d1dc42cac5ce89b -> ab8751e49ae2f3d9994444a0a38619bd
  custom:scripting/monoscript/fileName/ProjectGeneration.cs: bb5717a1e7f4805d404d6376681e94b3 -> 9a60ae906ea060222f7967033c27f7ed
  custom:scripting/monoscript/fileName/TestRunnerApiListener.cs: 6c187faf0bd0f433a681c31e7512bd7e -> cc17cec8825a8f933d6ecbd68d51f1de
  custom:scripting/monoscript/fileName/Symbols.cs: 45ec383a13e5ac18bbf85f25db5b131e -> 27613575e8bda8a6448f80ff27c488f9
  custom:scripting/monoscript/fileName/VersionPair.cs: 83d1d4ad8ea7a98456de1bf0e51c2809 -> 88b4a0b7e953537f26ded0a68cf4c238
  custom:scripting/monoscript/fileName/GUIDGenerator.cs: 6dd6e35608006bcfade7642e5de04c6b -> 
  custom:scripting/monoscript/fileName/TestResultAdaptor.cs: 16f5b03abe348a2daca79e8d44a65466 -> fb4db3971d5379750cda884e7e44e3e4
  custom:CustomObjectIndexerAttribute: 756ad292c208cfabdd7b50bc23989ffe -> 
  custom:scripting/monoscript/fileName/AssemblyNameProvider.cs: 8a1484c9df9576b6e700d22f66f04285 -> 5210529ddc67cdb852122f447527c528
  custom:scripting/monoscript/fileName/VisualStudioEditor.cs: 0723bb91171820644eb6c92edfe7a716 -> 21e59f688ad500ab61aca318850ec505
  custom:scripting/monoscript/fileName/VisualStudioInstallation.cs: 0d67d8617dccb9ec1e3d5b40231d5c9c -> 41612f13db7783c8635801ab159c1079
  custom:scripting/monoscript/fileName/Serializer.cs: 93add3d414874bb21069d5380b7e3260 -> d7df1b97d0a3bd0bb98fd4d2d5bf5d29
  custom:scripting/monoscript/fileName/Message.cs: dae271262c0220d8340d0a3b5a902790 -> 671a789acb2c7a93d0b620fe02979957
  custom:container-demuxer-webm: 4f35f7cbe854078d1ac9338744f61a02 -> 
  custom:scripting/monoscript/fileName/Deserializer.cs: 5a795d9395ad7e35e14ed6e294af204a -> 1cc72e9ed2428cc6d6ce2d4d2ad7b02b
  custom:scripting/monoscript/fileName/StringUtils.cs: e49393bed9b27f8092372b1c93fd8ad8 -> 2be5fb51e6f0660c955416f4d8f6f7ad
  custom:audio-encoder-webm-vorbis: bf7c407c2cedff20999df2af8eb42d56 -> 
  custom:scripting/monoscript/fileName/Solution.cs: 0ce897859916f31a23b527b10b82ea1c -> 8bc97d0abd509f39b67b3a5bbac1b9a1
  custom:scripting/monoscript/fileName/TestRunnerCallbacks.cs: 3af5d6a10f138e57c289f4f7d34ae28c -> 5627cb9f4ed769fba607b0cab8e9e63d
  custom:scripting/monoscript/fileName/VSCodeDiscovery.cs: d83b4aff57b85f583bfc60cfbb7e527e -> 
  custom:scripting/monoscript/fileName/AsyncOperation.cs: 3532959f22f91de64a101b5696b71208 -> f23cc551eab7049146420a4196093425
  custom:scripting/monoscript/fileName/GUIDProvider.cs: 42851dcbdcf2b3e052b42a23bdc10c5e -> cdd3f47e4fe593d2dfdf9915fa537e3f
  custom:scripting/monoscript/fileName/UsageUtility.cs: 8b1af87d43264a213340a26d31d1dfd4 -> 5ed3d13206b2b96245ce59a5c83beed1
  custom:container-muxer-webm: aa71ff27fc2769a1b78a27578f13a17b -> 
========================================================================
Received Prepare
Begin MonoManager ReloadAssembly
Symbol file LoadedFromMemory is not a mono symbol file
- Loaded All Assemblies, in  0.757 seconds
Refreshing native plugins compatible for Editor in 21.59 ms, found 2 plugins.
Native extension for WindowsStandalone target not found
[Package Manager] Server::EnsureServerProcessIsRunning -- launch failed, reason: Unity was launched with the -noUpm command-line argument
[Package Manager] UpmClient::Send -- Unable to send message (not connected to UPM process).
[Package Manager] Cannot connect to Unity Package Manager local server
Mono: successfully reloaded assembly
- Finished resetting the current domain, in  1.378 seconds
Domain Reload Profiling: 2129ms
	BeginReloadAssembly (245ms)
		ExecutionOrderSort (0ms)
		DisableScriptedObjects (8ms)
		BackupInstance (0ms)
		ReleaseScriptingObjects (0ms)
		CreateAndSetChildDomain (55ms)
	RebuildCommonClasses (56ms)
	RebuildNativeTypeToScriptingClass (14ms)
	initialDomainReloadingComplete (46ms)
	LoadAllAssembliesAndSetupDomain (389ms)
		LoadAssemblies (494ms)
		RebuildTransferFunctionScriptingTraits (0ms)
		AnalyzeDomain (28ms)
			TypeCache.Refresh (10ms)
				TypeCache.ScanAssembly (0ms)
			ScanForSourceGeneratedMonoScriptInfo (12ms)
			ResolveRequiredComponents (4ms)
	FinalizeReload (1379ms)
		ReleaseScriptCaches (0ms)
		RebuildScriptCaches (0ms)
		SetupLoadedEditorAssemblies (651ms)
			LogAssemblyErrors (0ms)
			InitializePlatformSupportModulesInManaged (8ms)
			SetLoadedEditorAssemblies (5ms)
			RefreshPlugins (0ms)
			BeforeProcessingInitializeOnLoad (91ms)
			ProcessInitializeOnLoadAttributes (343ms)
			ProcessInitializeOnLoadMethodAttributes (192ms)
			AfterProcessingInitializeOnLoad (12ms)
			EditorAssembliesLoaded (0ms)
		ExecutionOrderSort2 (0ms)
		AwakeInstancesAfterBackupRestoration (16ms)
Refreshing native plugins compatible for Editor in 17.53 ms, found 2 plugins.
Preloading 0 native plugins for Editor in 0.00 ms.
Unloading 2486 Unused Serialized files (Serialized files now loaded: 0)
Unloading 49 unused Assets / (42.4 KB). Loaded Objects now: 2946.
Memory consumption went from 100.2 MB to 100.2 MB.
Total: 10.769400 ms (FindLiveObjects: 0.336300 ms CreateObjectMapping: 0.147100 ms MarkObjects: 10.166400 ms  DeleteObjects: 0.117300 ms)

Prepare: number of updated asset objects reloaded= 0
AssetImportParameters requested are different than current active one (requested -> active):
  custom:scripting/monoscript/fileName/UdpSocket.cs: 8c0d397a479fd27af2dbb174e2e93898 -> 7555d065f81d23e6604acb91cf79ddd6
  custom:video-decoder-webm-vp8: 9c59270c3fd7afecdb556c50c9e8de78 -> 
  custom:scripting/monoscript/fileName/Image.cs: 27f7fe2eed0ee693ad26142088b47cca -> f32195bbbc1ca9edcb6c8c6185597e40
  custom:scripting/monoscript/fileName/Cli.cs: be16a0a8bb16d1ef9d2560a778c2da7b -> d287e08b50f2cb135aa4d7f8e01b7ef9
  custom:scripting/monoscript/fileName/MessageEventArgs.cs: ff5ca0eb4b435cf92aa845f4d510328b -> 528473bbcee3623fe954627c6bfadd2e
  custom:SearchIndexIgnoredProperties: e643bd26f0fe6173181afceb89e7c659 -> 
  custom:scripting/monoscript/fileName/ProjectProperties.cs: b180a07572fd00ffb8a37c98ca6e2b49 -> 407063898a13eaad2cd100e43551c6b5
  custom:scripting/monoscript/fileName/KnownAssemblies.cs: eeea5c54de119292c9e35e827e39077b -> 286bea9f8fcee5e392f6fc0f0cd541c8
  custom:container-demuxer-ogg: 62fdf1f143b41e24485cea50d1cbac27 -> 
  custom:AudioImporter_EditorPlatform: d09bf68614088b80899f8185d706f6e7 -> 
  custom:scripting/monoscript/fileName/UnityInstallation.cs: b5b03b3b3e06c1a279a8d0206f524a8c -> 0ba30d4545f2c34a9323456723b5dbfe
  custom:scripting/monoscript/fileName/SolutionProjectEntry.cs: ad134947b839971a55dcc89fa7def608 -> 68cea09e9af09443edf61e18806ac1c2
  custom:scripting/monoscript/fileName/TcpListener.cs: 2e837178dd3ee07b0dd871ea47f79d1c -> 940bfdac0e91ad2884e6359468f2782a
  custom:scripting/monoscript/fileName/SolutionParser.cs: d75126b0174a0c9995bacb91f692ba43 -> 240a75b5fc2682997268aa77e6a1dd86
  custom:scripting/monoscript/fileName/TestAdaptor.cs: 4286d6ce850b7e57b6ad1d9b342a9979 -> 486cec8559bad7c56adc699f165feb67
  custom:scripting/monoscript/fileName/TcpClient.cs: 62f63a757b531974565dd3360d33c3e2 -> a949cfd4c46427829913ee0195fa0103
  custom:video-codec-MediaFoundation-h265: 746d11721c4dcdbdad8f713fa42b33f4 -> 
  custom:scripting/monoscript/fileName/Discovery.cs: a176473c385aca596348ba07cbef9e40 -> 1ae9199a0deb7c5f12573b8e12630fb0
  custom:scripting/monoscript/fileName/FileUtility.cs: 71f27212df47cad3593aaf64e7d40726 -> 2d70b80c72be1fb3b2b89ce0939e8cef
  custom:scripting/monoscript/fileName/VisualStudioIntegration.cs: cfa3622c505da8be2039caefbb88d122 -> f9e623c49f9f20ea97a4519aa48d72d4
  custom:video-decoder-ogg-theora: a1e56fd34408186e4bbccfd4996cb3dc -> 
  custom:scripting/monoscript/fileName/FileIOProvider.cs: 1ce0476a672b5b71a81d6ee006010383 -> 304525d180d2b661ce338fc8a3225752
  custom:framework-win-MediaFoundation: 216162199b28c13a410421893ffa2e32 -> 
  custom:scripting/monoscript/fileName/VSCodeScriptEditor.cs: 976f19e81f1a1748ecd5ce0eeab6e373 -> 
  custom:scripting/monoscript/fileName/Messenger.cs: e5d3a13331933d43889756e46bbd2d7d -> f4ebc46d09b2b4de489946914db2aae0
  custom:scripting/monoscript/fileName/ProcessRunner.cs: 091011eda0e59a4b13abcb3f2a437c71 -> 932a2a80cb9a3539199f645deff3c585
  custom:video-encoder-webm-vp8: eb34c28f22e8b96e1ab97ce403110664 -> 
  custom:scripting/monoscript/fileName/ExceptionEventArgs.cs: e02709200f0b16494a1611966a13889c -> 27cb4c00a4137b184e01164606c88685
  custom:audio-decoder-ogg-vorbis: bf7c407c2cedff20999df2af8eb42d56 -> 
  custom:scripting/monoscript/fileName/FileIO.cs: e12d7b1846fe00e4e229609939e0062b -> 
  custom:scripting/monoscript/fileName/SolutionProperties.cs: e56a3118082c5b341d1dc42cac5ce89b -> ab8751e49ae2f3d9994444a0a38619bd
  custom:scripting/monoscript/fileName/ProjectGeneration.cs: bb5717a1e7f4805d404d6376681e94b3 -> 9a60ae906ea060222f7967033c27f7ed
  custom:scripting/monoscript/fileName/TestRunnerApiListener.cs: 6c187faf0bd0f433a681c31e7512bd7e -> cc17cec8825a8f933d6ecbd68d51f1de
  custom:scripting/monoscript/fileName/Symbols.cs: 45ec383a13e5ac18bbf85f25db5b131e -> 27613575e8bda8a6448f80ff27c488f9
  custom:scripting/monoscript/fileName/VersionPair.cs: 83d1d4ad8ea7a98456de1bf0e51c2809 -> 88b4a0b7e953537f26ded0a68cf4c238
  custom:scripting/monoscript/fileName/GUIDGenerator.cs: 6dd6e35608006bcfade7642e5de04c6b -> 
  custom:scripting/monoscript/fileName/TestResultAdaptor.cs: 16f5b03abe348a2daca79e8d44a65466 -> fb4db3971d5379750cda884e7e44e3e4
  custom:CustomObjectIndexerAttribute: 756ad292c208cfabdd7b50bc23989ffe -> 
  custom:scripting/monoscript/fileName/AssemblyNameProvider.cs: 8a1484c9df9576b6e700d22f66f04285 -> 5210529ddc67cdb852122f447527c528
  custom:scripting/monoscript/fileName/VisualStudioEditor.cs: 0723bb91171820644eb6c92edfe7a716 -> 21e59f688ad500ab61aca318850ec505
  custom:scripting/monoscript/fileName/VisualStudioInstallation.cs: 0d67d8617dccb9ec1e3d5b40231d5c9c -> 41612f13db7783c8635801ab159c1079
  custom:scripting/monoscript/fileName/Serializer.cs: 93add3d414874bb21069d5380b7e3260 -> d7df1b97d0a3bd0bb98fd4d2d5bf5d29
  custom:scripting/monoscript/fileName/Message.cs: dae271262c0220d8340d0a3b5a902790 -> 671a789acb2c7a93d0b620fe02979957
  custom:container-demuxer-webm: 4f35f7cbe854078d1ac9338744f61a02 -> 
  custom:scripting/monoscript/fileName/Deserializer.cs: 5a795d9395ad7e35e14ed6e294af204a -> 1cc72e9ed2428cc6d6ce2d4d2ad7b02b
  custom:scripting/monoscript/fileName/StringUtils.cs: e49393bed9b27f8092372b1c93fd8ad8 -> 2be5fb51e6f0660c955416f4d8f6f7ad
  custom:audio-encoder-webm-vorbis: bf7c407c2cedff20999df2af8eb42d56 -> 
  custom:scripting/monoscript/fileName/Solution.cs: 0ce897859916f31a23b527b10b82ea1c -> 8bc97d0abd509f39b67b3a5bbac1b9a1
  custom:scripting/monoscript/fileName/TestRunnerCallbacks.cs: 3af5d6a10f138e57c289f4f7d34ae28c -> 5627cb9f4ed769fba607b0cab8e9e63d
  custom:scripting/monoscript/fileName/VSCodeDiscovery.cs: d83b4aff57b85f583bfc60cfbb7e527e -> 
  custom:scripting/monoscript/fileName/AsyncOperation.cs: 3532959f22f91de64a101b5696b71208 -> f23cc551eab7049146420a4196093425
  custom:scripting/monoscript/fileName/GUIDProvider.cs: 42851dcbdcf2b3e052b42a23bdc10c5e -> cdd3f47e4fe593d2dfdf9915fa537e3f
  custom:scripting/monoscript/fileName/UsageUtility.cs: 8b1af87d43264a213340a26d31d1dfd4 -> 5ed3d13206b2b96245ce59a5c83beed1
  custom:container-muxer-webm: aa71ff27fc2769a1b78a27578f13a17b -> 
========================================================================
Received Prepare
Begin MonoManager ReloadAssembly
Symbol file LoadedFromMemory is not a mono symbol file
- Loaded All Assemblies, in  0.713 seconds
Refreshing native plugins compatible for Editor in 22.62 ms, found 2 plugins.
Native extension for WindowsStandalone target not found
[Package Manager] Server::EnsureServerProcessIsRunning -- launch failed, reason: Unity was launched with the -noUpm command-line argument
[Package Manager] UpmClient::Send -- Unable to send message (not connected to UPM process).
[Package Manager] Cannot connect to Unity Package Manager local server
Mono: successfully reloaded assembly
- Finished resetting the current domain, in  2.035 seconds
Domain Reload Profiling: 2741ms
	BeginReloadAssembly (225ms)
		ExecutionOrderSort (0ms)
		DisableScriptedObjects (8ms)
		BackupInstance (0ms)
		ReleaseScriptingObjects (0ms)
		CreateAndSetChildDomain (46ms)
	RebuildCommonClasses (47ms)
	RebuildNativeTypeToScriptingClass (13ms)
	initialDomainReloadingComplete (47ms)
	LoadAllAssembliesAndSetupDomain (373ms)
		LoadAssemblies (489ms)
		RebuildTransferFunctionScriptingTraits (0ms)
		AnalyzeDomain (14ms)
			TypeCache.Refresh (7ms)
				TypeCache.ScanAssembly (0ms)
			ScanForSourceGeneratedMonoScriptInfo (0ms)
			ResolveRequiredComponents (4ms)
	FinalizeReload (2036ms)
		ReleaseScriptCaches (0ms)
		RebuildScriptCaches (0ms)
		SetupLoadedEditorAssemblies (1017ms)
			LogAssemblyErrors (0ms)
			InitializePlatformSupportModulesInManaged (14ms)
			SetLoadedEditorAssemblies (8ms)
			RefreshPlugins (0ms)
			BeforeProcessingInitializeOnLoad (130ms)
			ProcessInitializeOnLoadAttributes (537ms)
			ProcessInitializeOnLoadMethodAttributes (304ms)
			AfterProcessingInitializeOnLoad (23ms)
			EditorAssembliesLoaded (1ms)
		ExecutionOrderSort2 (0ms)
		AwakeInstancesAfterBackupRestoration (24ms)
Refreshing native plugins compatible for Editor in 21.79 ms, found 2 plugins.
Preloading 0 native plugins for Editor in 0.00 ms.
Unloading 2486 Unused Serialized files (Serialized files now loaded: 0)
Unloading 49 unused Assets / (42.5 KB). Loaded Objects now: 2949.
Memory consumption went from 100.2 MB to 100.2 MB.
Total: 14.117400 ms (FindLiveObjects: 0.417800 ms CreateObjectMapping: 0.322500 ms MarkObjects: 13.203900 ms  DeleteObjects: 0.171300 ms)

Prepare: number of updated asset objects reloaded= 0
AssetImportParameters requested are different than current active one (requested -> active):
  custom:scripting/monoscript/fileName/UdpSocket.cs: 8c0d397a479fd27af2dbb174e2e93898 -> 7555d065f81d23e6604acb91cf79ddd6
  custom:video-decoder-webm-vp8: 9c59270c3fd7afecdb556c50c9e8de78 -> 
  custom:scripting/monoscript/fileName/Image.cs: 27f7fe2eed0ee693ad26142088b47cca -> f32195bbbc1ca9edcb6c8c6185597e40
  custom:scripting/monoscript/fileName/Cli.cs: be16a0a8bb16d1ef9d2560a778c2da7b -> d287e08b50f2cb135aa4d7f8e01b7ef9
  custom:scripting/monoscript/fileName/MessageEventArgs.cs: ff5ca0eb4b435cf92aa845f4d510328b -> 528473bbcee3623fe954627c6bfadd2e
  custom:SearchIndexIgnoredProperties: e643bd26f0fe6173181afceb89e7c659 -> 
  custom:scripting/monoscript/fileName/ProjectProperties.cs: b180a07572fd00ffb8a37c98ca6e2b49 -> 407063898a13eaad2cd100e43551c6b5
  custom:scripting/monoscript/fileName/KnownAssemblies.cs: eeea5c54de119292c9e35e827e39077b -> 286bea9f8fcee5e392f6fc0f0cd541c8
  custom:container-demuxer-ogg: 62fdf1f143b41e24485cea50d1cbac27 -> 
  custom:AudioImporter_EditorPlatform: d09bf68614088b80899f8185d706f6e7 -> 
  custom:scripting/monoscript/fileName/UnityInstallation.cs: b5b03b3b3e06c1a279a8d0206f524a8c -> 0ba30d4545f2c34a9323456723b5dbfe
  custom:scripting/monoscript/fileName/SolutionProjectEntry.cs: ad134947b839971a55dcc89fa7def608 -> 68cea09e9af09443edf61e18806ac1c2
  custom:scripting/monoscript/fileName/TcpListener.cs: 2e837178dd3ee07b0dd871ea47f79d1c -> 940bfdac0e91ad2884e6359468f2782a
  custom:scripting/monoscript/fileName/SolutionParser.cs: d75126b0174a0c9995bacb91f692ba43 -> 240a75b5fc2682997268aa77e6a1dd86
  custom:scripting/monoscript/fileName/TestAdaptor.cs: 4286d6ce850b7e57b6ad1d9b342a9979 -> 486cec8559bad7c56adc699f165feb67
  custom:scripting/monoscript/fileName/TcpClient.cs: 62f63a757b531974565dd3360d33c3e2 -> a949cfd4c46427829913ee0195fa0103
  custom:video-codec-MediaFoundation-h265: 746d11721c4dcdbdad8f713fa42b33f4 -> 
  custom:scripting/monoscript/fileName/Discovery.cs: a176473c385aca596348ba07cbef9e40 -> 1ae9199a0deb7c5f12573b8e12630fb0
  custom:scripting/monoscript/fileName/FileUtility.cs: 71f27212df47cad3593aaf64e7d40726 -> 2d70b80c72be1fb3b2b89ce0939e8cef
  custom:scripting/monoscript/fileName/VisualStudioIntegration.cs: cfa3622c505da8be2039caefbb88d122 -> f9e623c49f9f20ea97a4519aa48d72d4
  custom:video-decoder-ogg-theora: a1e56fd34408186e4bbccfd4996cb3dc -> 
  custom:scripting/monoscript/fileName/FileIOProvider.cs: 1ce0476a672b5b71a81d6ee006010383 -> 304525d180d2b661ce338fc8a3225752
  custom:framework-win-MediaFoundation: 216162199b28c13a410421893ffa2e32 -> 
  custom:scripting/monoscript/fileName/VSCodeScriptEditor.cs: 976f19e81f1a1748ecd5ce0eeab6e373 -> 
  custom:scripting/monoscript/fileName/Messenger.cs: e5d3a13331933d43889756e46bbd2d7d -> f4ebc46d09b2b4de489946914db2aae0
  custom:scripting/monoscript/fileName/ProcessRunner.cs: 091011eda0e59a4b13abcb3f2a437c71 -> 932a2a80cb9a3539199f645deff3c585
  custom:video-encoder-webm-vp8: eb34c28f22e8b96e1ab97ce403110664 -> 
  custom:scripting/monoscript/fileName/ExceptionEventArgs.cs: e02709200f0b16494a1611966a13889c -> 27cb4c00a4137b184e01164606c88685
  custom:audio-decoder-ogg-vorbis: bf7c407c2cedff20999df2af8eb42d56 -> 
  custom:scripting/monoscript/fileName/FileIO.cs: e12d7b1846fe00e4e229609939e0062b -> 
  custom:scripting/monoscript/fileName/SolutionProperties.cs: e56a3118082c5b341d1dc42cac5ce89b -> ab8751e49ae2f3d9994444a0a38619bd
  custom:scripting/monoscript/fileName/ProjectGeneration.cs: bb5717a1e7f4805d404d6376681e94b3 -> 9a60ae906ea060222f7967033c27f7ed
  custom:scripting/monoscript/fileName/TestRunnerApiListener.cs: 6c187faf0bd0f433a681c31e7512bd7e -> cc17cec8825a8f933d6ecbd68d51f1de
  custom:scripting/monoscript/fileName/Symbols.cs: 45ec383a13e5ac18bbf85f25db5b131e -> 27613575e8bda8a6448f80ff27c488f9
  custom:scripting/monoscript/fileName/VersionPair.cs: 83d1d4ad8ea7a98456de1bf0e51c2809 -> 88b4a0b7e953537f26ded0a68cf4c238
  custom:scripting/monoscript/fileName/GUIDGenerator.cs: 6dd6e35608006bcfade7642e5de04c6b -> 
  custom:scripting/monoscript/fileName/TestResultAdaptor.cs: 16f5b03abe348a2daca79e8d44a65466 -> fb4db3971d5379750cda884e7e44e3e4
  custom:CustomObjectIndexerAttribute: 756ad292c208cfabdd7b50bc23989ffe -> 
  custom:scripting/monoscript/fileName/AssemblyNameProvider.cs: 8a1484c9df9576b6e700d22f66f04285 -> 5210529ddc67cdb852122f447527c528
  custom:scripting/monoscript/fileName/VisualStudioEditor.cs: 0723bb91171820644eb6c92edfe7a716 -> 21e59f688ad500ab61aca318850ec505
  custom:scripting/monoscript/fileName/VisualStudioInstallation.cs: 0d67d8617dccb9ec1e3d5b40231d5c9c -> 41612f13db7783c8635801ab159c1079
  custom:scripting/monoscript/fileName/Serializer.cs: 93add3d414874bb21069d5380b7e3260 -> d7df1b97d0a3bd0bb98fd4d2d5bf5d29
  custom:scripting/monoscript/fileName/Message.cs: dae271262c0220d8340d0a3b5a902790 -> 671a789acb2c7a93d0b620fe02979957
  custom:container-demuxer-webm: 4f35f7cbe854078d1ac9338744f61a02 -> 
  custom:scripting/monoscript/fileName/Deserializer.cs: 5a795d9395ad7e35e14ed6e294af204a -> 1cc72e9ed2428cc6d6ce2d4d2ad7b02b
  custom:scripting/monoscript/fileName/StringUtils.cs: e49393bed9b27f8092372b1c93fd8ad8 -> 2be5fb51e6f0660c955416f4d8f6f7ad
  custom:audio-encoder-webm-vorbis: bf7c407c2cedff20999df2af8eb42d56 -> 
  custom:scripting/monoscript/fileName/Solution.cs: 0ce897859916f31a23b527b10b82ea1c -> 8bc97d0abd509f39b67b3a5bbac1b9a1
  custom:scripting/monoscript/fileName/TestRunnerCallbacks.cs: 3af5d6a10f138e57c289f4f7d34ae28c -> 5627cb9f4ed769fba607b0cab8e9e63d
  custom:scripting/monoscript/fileName/VSCodeDiscovery.cs: d83b4aff57b85f583bfc60cfbb7e527e -> 
  custom:scripting/monoscript/fileName/AsyncOperation.cs: 3532959f22f91de64a101b5696b71208 -> f23cc551eab7049146420a4196093425
  custom:scripting/monoscript/fileName/GUIDProvider.cs: 42851dcbdcf2b3e052b42a23bdc10c5e -> cdd3f47e4fe593d2dfdf9915fa537e3f
  custom:scripting/monoscript/fileName/UsageUtility.cs: 8b1af87d43264a213340a26d31d1dfd4 -> 5ed3d13206b2b96245ce59a5c83beed1
  custom:container-muxer-webm: aa71ff27fc2769a1b78a27578f13a17b -> 
========================================================================
Received Prepare
Begin MonoManager ReloadAssembly
Symbol file LoadedFromMemory is not a mono symbol file
- Loaded All Assemblies, in  1.257 seconds
Refreshing native plugins compatible for Editor in 24.58 ms, found 2 plugins.
Native extension for WindowsStandalone target not found
[Package Manager] Server::EnsureServerProcessIsRunning -- launch failed, reason: Unity was launched with the -noUpm command-line argument
[Package Manager] UpmClient::Send -- Unable to send message (not connected to UPM process).
[Package Manager] Cannot connect to Unity Package Manager local server
Mono: successfully reloaded assembly
- Finished resetting the current domain, in  2.855 seconds
Domain Reload Profiling: 4101ms
	BeginReloadAssembly (392ms)
		ExecutionOrderSort (0ms)
		DisableScriptedObjects (13ms)
		BackupInstance (0ms)
		ReleaseScriptingObjects (0ms)
		CreateAndSetChildDomain (81ms)
	RebuildCommonClasses (101ms)
	RebuildNativeTypeToScriptingClass (46ms)
	initialDomainReloadingComplete (88ms)
	LoadAllAssembliesAndSetupDomain (618ms)
		LoadAssemblies (822ms)
		RebuildTransferFunctionScriptingTraits (0ms)
		AnalyzeDomain (26ms)
			TypeCache.Refresh (15ms)
				TypeCache.ScanAssembly (0ms)
			ScanForSourceGeneratedMonoScriptInfo (0ms)
			ResolveRequiredComponents (8ms)
	FinalizeReload (2856ms)
		ReleaseScriptCaches (0ms)
		RebuildScriptCaches (0ms)
		SetupLoadedEditorAssemblies (1503ms)
			LogAssemblyErrors (0ms)
			InitializePlatformSupportModulesInManaged (20ms)
			SetLoadedEditorAssemblies (12ms)
			RefreshPlugins (0ms)
			BeforeProcessingInitializeOnLoad (180ms)
			ProcessInitializeOnLoadAttributes (837ms)
			ProcessInitializeOnLoadMethodAttributes (434ms)
			AfterProcessingInitializeOnLoad (19ms)
			EditorAssembliesLoaded (1ms)
		ExecutionOrderSort2 (0ms)
		AwakeInstancesAfterBackupRestoration (24ms)
Refreshing native plugins compatible for Editor in 25.94 ms, found 2 plugins.
Preloading 0 native plugins for Editor in 0.00 ms.
Unloading 2486 Unused Serialized files (Serialized files now loaded: 0)
Unloading 49 unused Assets / (42.4 KB). Loaded Objects now: 2952.
Memory consumption went from 100.2 MB to 100.2 MB.
Total: 21.707800 ms (FindLiveObjects: 1.133000 ms CreateObjectMapping: 0.235400 ms MarkObjects: 20.049800 ms  DeleteObjects: 0.284700 ms)

Prepare: number of updated asset objects reloaded= 0
AssetImportParameters requested are different than current active one (requested -> active):
  custom:scripting/monoscript/fileName/UdpSocket.cs: 8c0d397a479fd27af2dbb174e2e93898 -> 7555d065f81d23e6604acb91cf79ddd6
  custom:video-decoder-webm-vp8: 9c59270c3fd7afecdb556c50c9e8de78 -> 
  custom:scripting/monoscript/fileName/Image.cs: 27f7fe2eed0ee693ad26142088b47cca -> f32195bbbc1ca9edcb6c8c6185597e40
  custom:scripting/monoscript/fileName/Cli.cs: be16a0a8bb16d1ef9d2560a778c2da7b -> d287e08b50f2cb135aa4d7f8e01b7ef9
  custom:scripting/monoscript/fileName/MessageEventArgs.cs: ff5ca0eb4b435cf92aa845f4d510328b -> 528473bbcee3623fe954627c6bfadd2e
  custom:SearchIndexIgnoredProperties: e643bd26f0fe6173181afceb89e7c659 -> 
  custom:scripting/monoscript/fileName/ProjectProperties.cs: b180a07572fd00ffb8a37c98ca6e2b49 -> 407063898a13eaad2cd100e43551c6b5
  custom:scripting/monoscript/fileName/KnownAssemblies.cs: eeea5c54de119292c9e35e827e39077b -> 286bea9f8fcee5e392f6fc0f0cd541c8
  custom:container-demuxer-ogg: 62fdf1f143b41e24485cea50d1cbac27 -> 
  custom:AudioImporter_EditorPlatform: d09bf68614088b80899f8185d706f6e7 -> 
  custom:scripting/monoscript/fileName/UnityInstallation.cs: b5b03b3b3e06c1a279a8d0206f524a8c -> 0ba30d4545f2c34a9323456723b5dbfe
  custom:scripting/monoscript/fileName/SolutionProjectEntry.cs: ad134947b839971a55dcc89fa7def608 -> 68cea09e9af09443edf61e18806ac1c2
  custom:scripting/monoscript/fileName/TcpListener.cs: 2e837178dd3ee07b0dd871ea47f79d1c -> 940bfdac0e91ad2884e6359468f2782a
  custom:scripting/monoscript/fileName/SolutionParser.cs: d75126b0174a0c9995bacb91f692ba43 -> 240a75b5fc2682997268aa77e6a1dd86
  custom:scripting/monoscript/fileName/TestAdaptor.cs: 4286d6ce850b7e57b6ad1d9b342a9979 -> 486cec8559bad7c56adc699f165feb67
  custom:scripting/monoscript/fileName/TcpClient.cs: 62f63a757b531974565dd3360d33c3e2 -> a949cfd4c46427829913ee0195fa0103
  custom:video-codec-MediaFoundation-h265: 746d11721c4dcdbdad8f713fa42b33f4 -> 
  custom:scripting/monoscript/fileName/Discovery.cs: a176473c385aca596348ba07cbef9e40 -> 1ae9199a0deb7c5f12573b8e12630fb0
  custom:scripting/monoscript/fileName/FileUtility.cs: 71f27212df47cad3593aaf64e7d40726 -> 2d70b80c72be1fb3b2b89ce0939e8cef
  custom:scripting/monoscript/fileName/VisualStudioIntegration.cs: cfa3622c505da8be2039caefbb88d122 -> f9e623c49f9f20ea97a4519aa48d72d4
  custom:video-decoder-ogg-theora: a1e56fd34408186e4bbccfd4996cb3dc -> 
  custom:scripting/monoscript/fileName/FileIOProvider.cs: 1ce0476a672b5b71a81d6ee006010383 -> 304525d180d2b661ce338fc8a3225752
  custom:framework-win-MediaFoundation: 216162199b28c13a410421893ffa2e32 -> 
  custom:scripting/monoscript/fileName/VSCodeScriptEditor.cs: 976f19e81f1a1748ecd5ce0eeab6e373 -> 
  custom:scripting/monoscript/fileName/Messenger.cs: e5d3a13331933d43889756e46bbd2d7d -> f4ebc46d09b2b4de489946914db2aae0
  custom:scripting/monoscript/fileName/ProcessRunner.cs: 091011eda0e59a4b13abcb3f2a437c71 -> 932a2a80cb9a3539199f645deff3c585
  custom:video-encoder-webm-vp8: eb34c28f22e8b96e1ab97ce403110664 -> 
  custom:scripting/monoscript/fileName/ExceptionEventArgs.cs: e02709200f0b16494a1611966a13889c -> 27cb4c00a4137b184e01164606c88685
  custom:audio-decoder-ogg-vorbis: bf7c407c2cedff20999df2af8eb42d56 -> 
  custom:scripting/monoscript/fileName/FileIO.cs: e12d7b1846fe00e4e229609939e0062b -> 
  custom:scripting/monoscript/fileName/SolutionProperties.cs: e56a3118082c5b341d1dc42cac5ce89b -> ab8751e49ae2f3d9994444a0a38619bd
  custom:scripting/monoscript/fileName/ProjectGeneration.cs: bb5717a1e7f4805d404d6376681e94b3 -> 9a60ae906ea060222f7967033c27f7ed
  custom:scripting/monoscript/fileName/TestRunnerApiListener.cs: 6c187faf0bd0f433a681c31e7512bd7e -> cc17cec8825a8f933d6ecbd68d51f1de
  custom:scripting/monoscript/fileName/Symbols.cs: 45ec383a13e5ac18bbf85f25db5b131e -> 27613575e8bda8a6448f80ff27c488f9
  custom:scripting/monoscript/fileName/VersionPair.cs: 83d1d4ad8ea7a98456de1bf0e51c2809 -> 88b4a0b7e953537f26ded0a68cf4c238
  custom:scripting/monoscript/fileName/GUIDGenerator.cs: 6dd6e35608006bcfade7642e5de04c6b -> 
  custom:scripting/monoscript/fileName/TestResultAdaptor.cs: 16f5b03abe348a2daca79e8d44a65466 -> fb4db3971d5379750cda884e7e44e3e4
  custom:CustomObjectIndexerAttribute: 756ad292c208cfabdd7b50bc23989ffe -> 
  custom:scripting/monoscript/fileName/AssemblyNameProvider.cs: 8a1484c9df9576b6e700d22f66f04285 -> 5210529ddc67cdb852122f447527c528
  custom:scripting/monoscript/fileName/VisualStudioEditor.cs: 0723bb91171820644eb6c92edfe7a716 -> 21e59f688ad500ab61aca318850ec505
  custom:scripting/monoscript/fileName/VisualStudioInstallation.cs: 0d67d8617dccb9ec1e3d5b40231d5c9c -> 41612f13db7783c8635801ab159c1079
  custom:scripting/monoscript/fileName/Serializer.cs: 93add3d414874bb21069d5380b7e3260 -> d7df1b97d0a3bd0bb98fd4d2d5bf5d29
  custom:scripting/monoscript/fileName/Message.cs: dae271262c0220d8340d0a3b5a902790 -> 671a789acb2c7a93d0b620fe02979957
  custom:container-demuxer-webm: 4f35f7cbe854078d1ac9338744f61a02 -> 
  custom:scripting/monoscript/fileName/Deserializer.cs: 5a795d9395ad7e35e14ed6e294af204a -> 1cc72e9ed2428cc6d6ce2d4d2ad7b02b
  custom:scripting/monoscript/fileName/StringUtils.cs: e49393bed9b27f8092372b1c93fd8ad8 -> 2be5fb51e6f0660c955416f4d8f6f7ad
  custom:audio-encoder-webm-vorbis: bf7c407c2cedff20999df2af8eb42d56 -> 
  custom:scripting/monoscript/fileName/Solution.cs: 0ce897859916f31a23b527b10b82ea1c -> 8bc97d0abd509f39b67b3a5bbac1b9a1
  custom:scripting/monoscript/fileName/TestRunnerCallbacks.cs: 3af5d6a10f138e57c289f4f7d34ae28c -> 5627cb9f4ed769fba607b0cab8e9e63d
  custom:scripting/monoscript/fileName/VSCodeDiscovery.cs: d83b4aff57b85f583bfc60cfbb7e527e -> 
  custom:scripting/monoscript/fileName/AsyncOperation.cs: 3532959f22f91de64a101b5696b71208 -> f23cc551eab7049146420a4196093425
  custom:scripting/monoscript/fileName/GUIDProvider.cs: 42851dcbdcf2b3e052b42a23bdc10c5e -> cdd3f47e4fe593d2dfdf9915fa537e3f
  custom:scripting/monoscript/fileName/UsageUtility.cs: 8b1af87d43264a213340a26d31d1dfd4 -> 5ed3d13206b2b96245ce59a5c83beed1
  custom:container-muxer-webm: aa71ff27fc2769a1b78a27578f13a17b -> 
========================================================================
Received Prepare
Begin MonoManager ReloadAssembly
Symbol file LoadedFromMemory is not a mono symbol file
- Loaded All Assemblies, in  1.049 seconds
Refreshing native plugins compatible for Editor in 30.53 ms, found 2 plugins.
Native extension for WindowsStandalone target not found
[Package Manager] Server::EnsureServerProcessIsRunning -- launch failed, reason: Unity was launched with the -noUpm command-line argument
[Package Manager] UpmClient::Send -- Unable to send message (not connected to UPM process).
[Package Manager] Cannot connect to Unity Package Manager local server
Mono: successfully reloaded assembly
- Finished resetting the current domain, in  1.765 seconds
Domain Reload Profiling: 2803ms
	BeginReloadAssembly (325ms)
		ExecutionOrderSort (0ms)
		DisableScriptedObjects (14ms)
		BackupInstance (0ms)
		ReleaseScriptingObjects (0ms)
		CreateAndSetChildDomain (61ms)
	RebuildCommonClasses (85ms)
	RebuildNativeTypeToScriptingClass (21ms)
	initialDomainReloadingComplete (71ms)
	LoadAllAssembliesAndSetupDomain (534ms)
		LoadAssemblies (692ms)
		RebuildTransferFunctionScriptingTraits (0ms)
		AnalyzeDomain (39ms)
			TypeCache.Refresh (13ms)
				TypeCache.ScanAssembly (0ms)
			ScanForSourceGeneratedMonoScriptInfo (16ms)
			ResolveRequiredComponents (8ms)
	FinalizeReload (1766ms)
		ReleaseScriptCaches (0ms)
		RebuildScriptCaches (0ms)
		SetupLoadedEditorAssemblies (798ms)
			LogAssemblyErrors (0ms)
			InitializePlatformSupportModulesInManaged (13ms)
			SetLoadedEditorAssemblies (6ms)
			RefreshPlugins (0ms)
			BeforeProcessingInitializeOnLoad (122ms)
			ProcessInitializeOnLoadAttributes (409ms)
			ProcessInitializeOnLoadMethodAttributes (233ms)
			AfterProcessingInitializeOnLoad (15ms)
			EditorAssembliesLoaded (1ms)
		ExecutionOrderSort2 (0ms)
		AwakeInstancesAfterBackupRestoration (22ms)
Refreshing native plugins compatible for Editor in 18.57 ms, found 2 plugins.
Preloading 0 native plugins for Editor in 0.00 ms.
Unloading 2486 Unused Serialized files (Serialized files now loaded: 0)
Unloading 49 unused Assets / (42.4 KB). Loaded Objects now: 2955.
Memory consumption went from 100.2 MB to 100.2 MB.
Total: 12.175800 ms (FindLiveObjects: 0.514500 ms CreateObjectMapping: 0.342800 ms MarkObjects: 11.199500 ms  DeleteObjects: 0.117800 ms)

Prepare: number of updated asset objects reloaded= 0
AssetImportParameters requested are different than current active one (requested -> active):
  custom:scripting/monoscript/fileName/UdpSocket.cs: 8c0d397a479fd27af2dbb174e2e93898 -> 7555d065f81d23e6604acb91cf79ddd6
  custom:video-decoder-webm-vp8: 9c59270c3fd7afecdb556c50c9e8de78 -> 
  custom:scripting/monoscript/fileName/Image.cs: 27f7fe2eed0ee693ad26142088b47cca -> f32195bbbc1ca9edcb6c8c6185597e40
  custom:scripting/monoscript/fileName/Cli.cs: be16a0a8bb16d1ef9d2560a778c2da7b -> d287e08b50f2cb135aa4d7f8e01b7ef9
  custom:scripting/monoscript/fileName/MessageEventArgs.cs: ff5ca0eb4b435cf92aa845f4d510328b -> 528473bbcee3623fe954627c6bfadd2e
  custom:SearchIndexIgnoredProperties: e643bd26f0fe6173181afceb89e7c659 -> 
  custom:scripting/monoscript/fileName/ProjectProperties.cs: b180a07572fd00ffb8a37c98ca6e2b49 -> 407063898a13eaad2cd100e43551c6b5
  custom:scripting/monoscript/fileName/KnownAssemblies.cs: eeea5c54de119292c9e35e827e39077b -> 286bea9f8fcee5e392f6fc0f0cd541c8
  custom:container-demuxer-ogg: 62fdf1f143b41e24485cea50d1cbac27 -> 
  custom:AudioImporter_EditorPlatform: d09bf68614088b80899f8185d706f6e7 -> 
  custom:scripting/monoscript/fileName/UnityInstallation.cs: b5b03b3b3e06c1a279a8d0206f524a8c -> 0ba30d4545f2c34a9323456723b5dbfe
  custom:scripting/monoscript/fileName/SolutionProjectEntry.cs: ad134947b839971a55dcc89fa7def608 -> 68cea09e9af09443edf61e18806ac1c2
  custom:scripting/monoscript/fileName/TcpListener.cs: 2e837178dd3ee07b0dd871ea47f79d1c -> 940bfdac0e91ad2884e6359468f2782a
  custom:scripting/monoscript/fileName/SolutionParser.cs: d75126b0174a0c9995bacb91f692ba43 -> 240a75b5fc2682997268aa77e6a1dd86
  custom:scripting/monoscript/fileName/TestAdaptor.cs: 4286d6ce850b7e57b6ad1d9b342a9979 -> 486cec8559bad7c56adc699f165feb67
  custom:scripting/monoscript/fileName/TcpClient.cs: 62f63a757b531974565dd3360d33c3e2 -> a949cfd4c46427829913ee0195fa0103
  custom:video-codec-MediaFoundation-h265: 746d11721c4dcdbdad8f713fa42b33f4 -> 
  custom:scripting/monoscript/fileName/Discovery.cs: a176473c385aca596348ba07cbef9e40 -> 1ae9199a0deb7c5f12573b8e12630fb0
  custom:scripting/monoscript/fileName/FileUtility.cs: 71f27212df47cad3593aaf64e7d40726 -> 2d70b80c72be1fb3b2b89ce0939e8cef
  custom:scripting/monoscript/fileName/VisualStudioIntegration.cs: cfa3622c505da8be2039caefbb88d122 -> f9e623c49f9f20ea97a4519aa48d72d4
  custom:video-decoder-ogg-theora: a1e56fd34408186e4bbccfd4996cb3dc -> 
  custom:scripting/monoscript/fileName/FileIOProvider.cs: 1ce0476a672b5b71a81d6ee006010383 -> 304525d180d2b661ce338fc8a3225752
  custom:framework-win-MediaFoundation: 216162199b28c13a410421893ffa2e32 -> 
  custom:scripting/monoscript/fileName/VSCodeScriptEditor.cs: 976f19e81f1a1748ecd5ce0eeab6e373 -> 
  custom:scripting/monoscript/fileName/Messenger.cs: e5d3a13331933d43889756e46bbd2d7d -> f4ebc46d09b2b4de489946914db2aae0
  custom:scripting/monoscript/fileName/ProcessRunner.cs: 091011eda0e59a4b13abcb3f2a437c71 -> 932a2a80cb9a3539199f645deff3c585
  custom:video-encoder-webm-vp8: eb34c28f22e8b96e1ab97ce403110664 -> 
  custom:scripting/monoscript/fileName/ExceptionEventArgs.cs: e02709200f0b16494a1611966a13889c -> 27cb4c00a4137b184e01164606c88685
  custom:audio-decoder-ogg-vorbis: bf7c407c2cedff20999df2af8eb42d56 -> 
  custom:scripting/monoscript/fileName/FileIO.cs: e12d7b1846fe00e4e229609939e0062b -> 
  custom:scripting/monoscript/fileName/SolutionProperties.cs: e56a3118082c5b341d1dc42cac5ce89b -> ab8751e49ae2f3d9994444a0a38619bd
  custom:scripting/monoscript/fileName/ProjectGeneration.cs: bb5717a1e7f4805d404d6376681e94b3 -> 9a60ae906ea060222f7967033c27f7ed
  custom:scripting/monoscript/fileName/TestRunnerApiListener.cs: 6c187faf0bd0f433a681c31e7512bd7e -> cc17cec8825a8f933d6ecbd68d51f1de
  custom:scripting/monoscript/fileName/Symbols.cs: 45ec383a13e5ac18bbf85f25db5b131e -> 27613575e8bda8a6448f80ff27c488f9
  custom:scripting/monoscript/fileName/VersionPair.cs: 83d1d4ad8ea7a98456de1bf0e51c2809 -> 88b4a0b7e953537f26ded0a68cf4c238
  custom:scripting/monoscript/fileName/GUIDGenerator.cs: 6dd6e35608006bcfade7642e5de04c6b -> 
  custom:scripting/monoscript/fileName/TestResultAdaptor.cs: 16f5b03abe348a2daca79e8d44a65466 -> fb4db3971d5379750cda884e7e44e3e4
  custom:CustomObjectIndexerAttribute: 756ad292c208cfabdd7b50bc23989ffe -> 
  custom:scripting/monoscript/fileName/AssemblyNameProvider.cs: 8a1484c9df9576b6e700d22f66f04285 -> 5210529ddc67cdb852122f447527c528
  custom:scripting/monoscript/fileName/VisualStudioEditor.cs: 0723bb91171820644eb6c92edfe7a716 -> 21e59f688ad500ab61aca318850ec505
  custom:scripting/monoscript/fileName/VisualStudioInstallation.cs: 0d67d8617dccb9ec1e3d5b40231d5c9c -> 41612f13db7783c8635801ab159c1079
  custom:scripting/monoscript/fileName/Serializer.cs: 93add3d414874bb21069d5380b7e3260 -> d7df1b97d0a3bd0bb98fd4d2d5bf5d29
  custom:scripting/monoscript/fileName/Message.cs: dae271262c0220d8340d0a3b5a902790 -> 671a789acb2c7a93d0b620fe02979957
  custom:container-demuxer-webm: 4f35f7cbe854078d1ac9338744f61a02 -> 
  custom:scripting/monoscript/fileName/Deserializer.cs: 5a795d9395ad7e35e14ed6e294af204a -> 1cc72e9ed2428cc6d6ce2d4d2ad7b02b
  custom:scripting/monoscript/fileName/StringUtils.cs: e49393bed9b27f8092372b1c93fd8ad8 -> 2be5fb51e6f0660c955416f4d8f6f7ad
  custom:audio-encoder-webm-vorbis: bf7c407c2cedff20999df2af8eb42d56 -> 
  custom:scripting/monoscript/fileName/Solution.cs: 0ce897859916f31a23b527b10b82ea1c -> 8bc97d0abd509f39b67b3a5bbac1b9a1
  custom:scripting/monoscript/fileName/TestRunnerCallbacks.cs: 3af5d6a10f138e57c289f4f7d34ae28c -> 5627cb9f4ed769fba607b0cab8e9e63d
  custom:scripting/monoscript/fileName/VSCodeDiscovery.cs: d83b4aff57b85f583bfc60cfbb7e527e -> 
  custom:scripting/monoscript/fileName/AsyncOperation.cs: 3532959f22f91de64a101b5696b71208 -> f23cc551eab7049146420a4196093425
  custom:scripting/monoscript/fileName/GUIDProvider.cs: 42851dcbdcf2b3e052b42a23bdc10c5e -> cdd3f47e4fe593d2dfdf9915fa537e3f
  custom:scripting/monoscript/fileName/UsageUtility.cs: 8b1af87d43264a213340a26d31d1dfd4 -> 5ed3d13206b2b96245ce59a5c83beed1
  custom:container-muxer-webm: aa71ff27fc2769a1b78a27578f13a17b -> 
========================================================================
Received Prepare
Begin MonoManager ReloadAssembly
Symbol file LoadedFromMemory is not a mono symbol file
- Loaded All Assemblies, in  1.290 seconds
Refreshing native plugins compatible for Editor in 49.51 ms, found 2 plugins.
Native extension for WindowsStandalone target not found
[Package Manager] Server::EnsureServerProcessIsRunning -- launch failed, reason: Unity was launched with the -noUpm command-line argument
[Package Manager] UpmClient::Send -- Unable to send message (not connected to UPM process).
[Package Manager] Cannot connect to Unity Package Manager local server
Mono: successfully reloaded assembly
- Finished resetting the current domain, in  3.585 seconds
Domain Reload Profiling: 4858ms
	BeginReloadAssembly (314ms)
		ExecutionOrderSort (0ms)
		DisableScriptedObjects (11ms)
		BackupInstance (0ms)
		ReleaseScriptingObjects (0ms)
		CreateAndSetChildDomain (60ms)
	RebuildCommonClasses (82ms)
	RebuildNativeTypeToScriptingClass (24ms)
	initialDomainReloadingComplete (86ms)
	LoadAllAssembliesAndSetupDomain (766ms)
		LoadAssemblies (936ms)
		RebuildTransferFunctionScriptingTraits (0ms)
		AnalyzeDomain (23ms)
			TypeCache.Refresh (11ms)
				TypeCache.ScanAssembly (0ms)
			ScanForSourceGeneratedMonoScriptInfo (0ms)
			ResolveRequiredComponents (8ms)
	FinalizeReload (3586ms)
		ReleaseScriptCaches (0ms)
		RebuildScriptCaches (0ms)
		SetupLoadedEditorAssemblies (1616ms)
			LogAssemblyErrors (0ms)
			InitializePlatformSupportModulesInManaged (20ms)
			SetLoadedEditorAssemblies (10ms)
			RefreshPlugins (0ms)
			BeforeProcessingInitializeOnLoad (212ms)
			ProcessInitializeOnLoadAttributes (846ms)
			ProcessInitializeOnLoadMethodAttributes (500ms)
			AfterProcessingInitializeOnLoad (27ms)
			EditorAssembliesLoaded (1ms)
		ExecutionOrderSort2 (0ms)
		AwakeInstancesAfterBackupRestoration (34ms)
Refreshing native plugins compatible for Editor in 32.91 ms, found 2 plugins.
Preloading 0 native plugins for Editor in 0.00 ms.
Unloading 2486 Unused Serialized files (Serialized files now loaded: 0)
Unloading 49 unused Assets / (42.4 KB). Loaded Objects now: 2958.
Memory consumption went from 100.2 MB to 100.2 MB.
Total: 21.549200 ms (FindLiveObjects: 0.640200 ms CreateObjectMapping: 0.351200 ms MarkObjects: 20.383900 ms  DeleteObjects: 0.171300 ms)

Prepare: number of updated asset objects reloaded= 0
AssetImportParameters requested are different than current active one (requested -> active):
  custom:scripting/monoscript/fileName/UdpSocket.cs: 8c0d397a479fd27af2dbb174e2e93898 -> 7555d065f81d23e6604acb91cf79ddd6
  custom:video-decoder-webm-vp8: 9c59270c3fd7afecdb556c50c9e8de78 -> 
  custom:scripting/monoscript/fileName/Image.cs: 27f7fe2eed0ee693ad26142088b47cca -> f32195bbbc1ca9edcb6c8c6185597e40
  custom:scripting/monoscript/fileName/Cli.cs: be16a0a8bb16d1ef9d2560a778c2da7b -> d287e08b50f2cb135aa4d7f8e01b7ef9
  custom:scripting/monoscript/fileName/MessageEventArgs.cs: ff5ca0eb4b435cf92aa845f4d510328b -> 528473bbcee3623fe954627c6bfadd2e
  custom:SearchIndexIgnoredProperties: e643bd26f0fe6173181afceb89e7c659 -> 
  custom:scripting/monoscript/fileName/ProjectProperties.cs: b180a07572fd00ffb8a37c98ca6e2b49 -> 407063898a13eaad2cd100e43551c6b5
  custom:scripting/monoscript/fileName/KnownAssemblies.cs: eeea5c54de119292c9e35e827e39077b -> 286bea9f8fcee5e392f6fc0f0cd541c8
  custom:container-demuxer-ogg: 62fdf1f143b41e24485cea50d1cbac27 -> 
  custom:AudioImporter_EditorPlatform: d09bf68614088b80899f8185d706f6e7 -> 
  custom:scripting/monoscript/fileName/UnityInstallation.cs: b5b03b3b3e06c1a279a8d0206f524a8c -> 0ba30d4545f2c34a9323456723b5dbfe
  custom:scripting/monoscript/fileName/SolutionProjectEntry.cs: ad134947b839971a55dcc89fa7def608 -> 68cea09e9af09443edf61e18806ac1c2
  custom:scripting/monoscript/fileName/TcpListener.cs: 2e837178dd3ee07b0dd871ea47f79d1c -> 940bfdac0e91ad2884e6359468f2782a
  custom:scripting/monoscript/fileName/SolutionParser.cs: d75126b0174a0c9995bacb91f692ba43 -> 240a75b5fc2682997268aa77e6a1dd86
  custom:scripting/monoscript/fileName/TestAdaptor.cs: 4286d6ce850b7e57b6ad1d9b342a9979 -> 486cec8559bad7c56adc699f165feb67
  custom:scripting/monoscript/fileName/TcpClient.cs: 62f63a757b531974565dd3360d33c3e2 -> a949cfd4c46427829913ee0195fa0103
  custom:video-codec-MediaFoundation-h265: 746d11721c4dcdbdad8f713fa42b33f4 -> 
  custom:scripting/monoscript/fileName/Discovery.cs: a176473c385aca596348ba07cbef9e40 -> 1ae9199a0deb7c5f12573b8e12630fb0
  custom:scripting/monoscript/fileName/FileUtility.cs: 71f27212df47cad3593aaf64e7d40726 -> 2d70b80c72be1fb3b2b89ce0939e8cef
  custom:scripting/monoscript/fileName/VisualStudioIntegration.cs: cfa3622c505da8be2039caefbb88d122 -> f9e623c49f9f20ea97a4519aa48d72d4
  custom:video-decoder-ogg-theora: a1e56fd34408186e4bbccfd4996cb3dc -> 
  custom:scripting/monoscript/fileName/FileIOProvider.cs: 1ce0476a672b5b71a81d6ee006010383 -> 304525d180d2b661ce338fc8a3225752
  custom:framework-win-MediaFoundation: 216162199b28c13a410421893ffa2e32 -> 
  custom:scripting/monoscript/fileName/VSCodeScriptEditor.cs: 976f19e81f1a1748ecd5ce0eeab6e373 -> 
  custom:scripting/monoscript/fileName/Messenger.cs: e5d3a13331933d43889756e46bbd2d7d -> f4ebc46d09b2b4de489946914db2aae0
  custom:scripting/monoscript/fileName/ProcessRunner.cs: 091011eda0e59a4b13abcb3f2a437c71 -> 932a2a80cb9a3539199f645deff3c585
  custom:video-encoder-webm-vp8: eb34c28f22e8b96e1ab97ce403110664 -> 
  custom:scripting/monoscript/fileName/ExceptionEventArgs.cs: e02709200f0b16494a1611966a13889c -> 27cb4c00a4137b184e01164606c88685
  custom:audio-decoder-ogg-vorbis: bf7c407c2cedff20999df2af8eb42d56 -> 
  custom:scripting/monoscript/fileName/FileIO.cs: e12d7b1846fe00e4e229609939e0062b -> 
  custom:scripting/monoscript/fileName/SolutionProperties.cs: e56a3118082c5b341d1dc42cac5ce89b -> ab8751e49ae2f3d9994444a0a38619bd
  custom:scripting/monoscript/fileName/ProjectGeneration.cs: bb5717a1e7f4805d404d6376681e94b3 -> 9a60ae906ea060222f7967033c27f7ed
  custom:scripting/monoscript/fileName/TestRunnerApiListener.cs: 6c187faf0bd0f433a681c31e7512bd7e -> cc17cec8825a8f933d6ecbd68d51f1de
  custom:scripting/monoscript/fileName/Symbols.cs: 45ec383a13e5ac18bbf85f25db5b131e -> 27613575e8bda8a6448f80ff27c488f9
  custom:scripting/monoscript/fileName/VersionPair.cs: 83d1d4ad8ea7a98456de1bf0e51c2809 -> 88b4a0b7e953537f26ded0a68cf4c238
  custom:scripting/monoscript/fileName/GUIDGenerator.cs: 6dd6e35608006bcfade7642e5de04c6b -> 
  custom:scripting/monoscript/fileName/TestResultAdaptor.cs: 16f5b03abe348a2daca79e8d44a65466 -> fb4db3971d5379750cda884e7e44e3e4
  custom:CustomObjectIndexerAttribute: 756ad292c208cfabdd7b50bc23989ffe -> 
  custom:scripting/monoscript/fileName/AssemblyNameProvider.cs: 8a1484c9df9576b6e700d22f66f04285 -> 5210529ddc67cdb852122f447527c528
  custom:scripting/monoscript/fileName/VisualStudioEditor.cs: 0723bb91171820644eb6c92edfe7a716 -> 21e59f688ad500ab61aca318850ec505
  custom:scripting/monoscript/fileName/VisualStudioInstallation.cs: 0d67d8617dccb9ec1e3d5b40231d5c9c -> 41612f13db7783c8635801ab159c1079
  custom:scripting/monoscript/fileName/Serializer.cs: 93add3d414874bb21069d5380b7e3260 -> d7df1b97d0a3bd0bb98fd4d2d5bf5d29
  custom:scripting/monoscript/fileName/Message.cs: dae271262c0220d8340d0a3b5a902790 -> 671a789acb2c7a93d0b620fe02979957
  custom:container-demuxer-webm: 4f35f7cbe854078d1ac9338744f61a02 -> 
  custom:scripting/monoscript/fileName/Deserializer.cs: 5a795d9395ad7e35e14ed6e294af204a -> 1cc72e9ed2428cc6d6ce2d4d2ad7b02b
  custom:scripting/monoscript/fileName/StringUtils.cs: e49393bed9b27f8092372b1c93fd8ad8 -> 2be5fb51e6f0660c955416f4d8f6f7ad
  custom:audio-encoder-webm-vorbis: bf7c407c2cedff20999df2af8eb42d56 -> 
  custom:scripting/monoscript/fileName/Solution.cs: 0ce897859916f31a23b527b10b82ea1c -> 8bc97d0abd509f39b67b3a5bbac1b9a1
  custom:scripting/monoscript/fileName/TestRunnerCallbacks.cs: 3af5d6a10f138e57c289f4f7d34ae28c -> 5627cb9f4ed769fba607b0cab8e9e63d
  custom:scripting/monoscript/fileName/VSCodeDiscovery.cs: d83b4aff57b85f583bfc60cfbb7e527e -> 
  custom:scripting/monoscript/fileName/AsyncOperation.cs: 3532959f22f91de64a101b5696b71208 -> f23cc551eab7049146420a4196093425
  custom:scripting/monoscript/fileName/GUIDProvider.cs: 42851dcbdcf2b3e052b42a23bdc10c5e -> cdd3f47e4fe593d2dfdf9915fa537e3f
  custom:scripting/monoscript/fileName/UsageUtility.cs: 8b1af87d43264a213340a26d31d1dfd4 -> 5ed3d13206b2b96245ce59a5c83beed1
  custom:container-muxer-webm: aa71ff27fc2769a1b78a27578f13a17b -> 
